{"C:\\Users\\ronal\\Desktop\\Nerdery-Ecommerce-Backend-Nestjs\\nerdery-ecommerce\\src\\app.service.ts": {"path":"C:\\Users\\ronal\\Desktop\\Nerdery-Ecommerce-Backend-Nestjs\\nerdery-ecommerce\\src\\app.service.ts","statementMap":{"0":{"start":{"line":1,"column":0},"end":{"line":1,"column":44}},"1":{"start":{"line":4,"column":7},"end":{"line":8,"column":null}},"2":{"start":{"line":6,"column":4},"end":{"line":6,"column":26}},"3":{"start":{"line":4,"column":13},"end":{"line":4,"column":23}},"4":{"start":{"line":4,"column":13},"end":{"line":8,"column":null}}},"fnMap":{"0":{"name":"(anonymous_1)","decl":{"start":{"line":5,"column":2},"end":{"line":5,"column":10}},"loc":{"start":{"line":5,"column":10},"end":{"line":7,"column":3}}}},"branchMap":{},"s":{"0":2,"1":2,"2":1,"3":2,"4":2},"f":{"0":1},"b":{}}
,"C:\\Users\\ronal\\Desktop\\Nerdery-Ecommerce-Backend-Nestjs\\nerdery-ecommerce\\src\\auth\\auth.service.ts": {"path":"C:\\Users\\ronal\\Desktop\\Nerdery-Ecommerce-Backend-Nestjs\\nerdery-ecommerce\\src\\auth\\auth.service.ts","statementMap":{"0":{"start":{"line":1,"column":0},"end":{"line":1,"column":32}},"1":{"start":{"line":3,"column":0},"end":{"line":3,"column":null}},"2":{"start":{"line":9,"column":0},"end":{"line":9,"column":47}},"3":{"start":{"line":10,"column":0},"end":{"line":10,"column":41}},"4":{"start":{"line":11,"column":0},"end":{"line":11,"column":20}},"5":{"start":{"line":12,"column":0},"end":{"line":12,"column":81}},"6":{"start":{"line":13,"column":0},"end":{"line":13,"column":54}},"7":{"start":{"line":15,"column":0},"end":{"line":15,"column":52}},"8":{"start":{"line":16,"column":0},"end":{"line":16,"column":58}},"9":{"start":{"line":23,"column":0},"end":{"line":23,"column":62}},"10":{"start":{"line":24,"column":0},"end":{"line":24,"column":62}},"11":{"start":{"line":25,"column":0},"end":{"line":25,"column":56}},"12":{"start":{"line":28,"column":7},"end":{"line":225,"column":null}},"13":{"start":{"line":30,"column":12},"end":{"line":30,"column":20}},"14":{"start":{"line":31,"column":12},"end":{"line":31,"column":29}},"15":{"start":{"line":32,"column":12},"end":{"line":32,"column":24}},"16":{"start":{"line":33,"column":12},"end":{"line":33,"column":27}},"17":{"start":{"line":34,"column":12},"end":{"line":34,"column":25}},"18":{"start":{"line":35,"column":12},"end":{"line":35,"column":25}},"19":{"start":{"line":36,"column":12},"end":{"line":36,"column":26}},"20":{"start":{"line":40,"column":17},"end":{"line":40,"column":67}},"21":{"start":{"line":41,"column":4},"end":{"line":43,"column":5}},"22":{"start":{"line":42,"column":6},"end":{"line":42,"column":52}},"23":{"start":{"line":45,"column":28},"end":{"line":47,"column":null}},"24":{"start":{"line":49,"column":4},"end":{"line":51,"column":5}},"25":{"start":{"line":50,"column":6},"end":{"line":50,"column":61}},"26":{"start":{"line":53,"column":18},"end":{"line":53,"column":62}},"27":{"start":{"line":55,"column":4},"end":{"line":55,"column":77}},"28":{"start":{"line":59,"column":23},"end":{"line":59,"column":77}},"29":{"start":{"line":60,"column":4},"end":{"line":62,"column":5}},"30":{"start":{"line":61,"column":6},"end":{"line":61,"column":57}},"31":{"start":{"line":64,"column":27},"end":{"line":64,"column":86}},"32":{"start":{"line":66,"column":17},"end":{"line":73,"column":6}},"33":{"start":{"line":76,"column":21},"end":{"line":78,"column":6}},"34":{"start":{"line":79,"column":4},"end":{"line":92,"column":7}},"35":{"start":{"line":94,"column":4},"end":{"line":97,"column":6}},"36":{"start":{"line":101,"column":4},"end":{"line":101,"column":65}},"37":{"start":{"line":103,"column":4},"end":{"line":111,"column":5}},"38":{"start":{"line":104,"column":34},"end":{"line":104,"column":86}},"39":{"start":{"line":105,"column":6},"end":{"line":107,"column":7}},"40":{"start":{"line":106,"column":8},"end":{"line":106,"column":82}},"41":{"start":{"line":110,"column":6},"end":{"line":110,"column":19}},"42":{"start":{"line":116,"column":4},"end":{"line":121,"column":5}},"43":{"start":{"line":117,"column":6},"end":{"line":117,"column":66}},"44":{"start":{"line":119,"column":6},"end":{"line":119,"column":19}},"45":{"start":{"line":120,"column":6},"end":{"line":120,"column":82}},"46":{"start":{"line":123,"column":19},"end":{"line":123,"column":76}},"47":{"start":{"line":125,"column":4},"end":{"line":127,"column":5}},"48":{"start":{"line":126,"column":6},"end":{"line":126,"column":62}},"49":{"start":{"line":130,"column":4},"end":{"line":130,"column":70}},"50":{"start":{"line":132,"column":4},"end":{"line":132,"column":65}},"51":{"start":{"line":135,"column":4},"end":{"line":135,"column":78}},"52":{"start":{"line":137,"column":18},"end":{"line":137,"column":66}},"53":{"start":{"line":140,"column":4},"end":{"line":146,"column":7}},"54":{"start":{"line":150,"column":17},"end":{"line":150,"column":61}},"55":{"start":{"line":151,"column":4},"end":{"line":153,"column":5}},"56":{"start":{"line":152,"column":6},"end":{"line":152,"column":52}},"57":{"start":{"line":155,"column":26},"end":{"line":160,"column":6}},"58":{"start":{"line":163,"column":37},"end":{"line":165,"column":30}},"59":{"start":{"line":166,"column":29},"end":{"line":166,"column":92}},"60":{"start":{"line":167,"column":4},"end":{"line":167,"column":92}},"61":{"start":{"line":169,"column":4},"end":{"line":172,"column":6}},"62":{"start":{"line":176,"column":33},"end":{"line":180,"column":6}},"63":{"start":{"line":182,"column":4},"end":{"line":184,"column":5}},"64":{"start":{"line":183,"column":6},"end":{"line":183,"column":57}},"65":{"start":{"line":186,"column":4},"end":{"line":188,"column":5}},"66":{"start":{"line":187,"column":6},"end":{"line":187,"column":61}},"67":{"start":{"line":190,"column":4},"end":{"line":192,"column":5}},"68":{"start":{"line":191,"column":6},"end":{"line":191,"column":65}},"69":{"start":{"line":194,"column":27},"end":{"line":194,"column":93}},"70":{"start":{"line":196,"column":17},"end":{"line":203,"column":6}},"71":{"start":{"line":205,"column":4},"end":{"line":212,"column":7}},"72":{"start":{"line":214,"column":4},"end":{"line":214,"column":84}},"73":{"start":{"line":216,"column":4},"end":{"line":216,"column":92}},"74":{"start":{"line":218,"column":4},"end":{"line":218,"column":65}},"75":{"start":{"line":220,"column":4},"end":{"line":223,"column":6}},"76":{"start":{"line":28,"column":13},"end":{"line":28,"column":24}},"77":{"start":{"line":28,"column":13},"end":{"line":225,"column":null}}},"fnMap":{"0":{"name":"(anonymous_3)","decl":{"start":{"line":29,"column":2},"end":{"line":29,"column":null}},"loc":{"start":{"line":36,"column":38},"end":{"line":37,"column":6}}},"1":{"name":"(anonymous_4)","decl":{"start":{"line":39,"column":2},"end":{"line":39,"column":7}},"loc":{"start":{"line":39,"column":29},"end":{"line":56,"column":3}}},"2":{"name":"(anonymous_5)","decl":{"start":{"line":58,"column":2},"end":{"line":58,"column":7}},"loc":{"start":{"line":58,"column":35},"end":{"line":98,"column":3}}},"3":{"name":"(anonymous_6)","decl":{"start":{"line":100,"column":2},"end":{"line":100,"column":7}},"loc":{"start":{"line":100,"column":48},"end":{"line":112,"column":3}}},"4":{"name":"(anonymous_7)","decl":{"start":{"line":114,"column":2},"end":{"line":114,"column":7}},"loc":{"start":{"line":114,"column":62},"end":{"line":147,"column":3}}},"5":{"name":"(anonymous_8)","decl":{"start":{"line":149,"column":2},"end":{"line":149,"column":7}},"loc":{"start":{"line":149,"column":36},"end":{"line":173,"column":3}}},"6":{"name":"(anonymous_9)","decl":{"start":{"line":175,"column":2},"end":{"line":175,"column":7}},"loc":{"start":{"line":175,"column":56},"end":{"line":224,"column":3}}}},"branchMap":{"0":{"loc":{"start":{"line":41,"column":4},"end":{"line":43,"column":5}},"type":"if","locations":[{"start":{"line":41,"column":4},"end":{"line":43,"column":5}}]},"1":{"loc":{"start":{"line":49,"column":4},"end":{"line":51,"column":5}},"type":"if","locations":[{"start":{"line":49,"column":4},"end":{"line":51,"column":5}}]},"2":{"loc":{"start":{"line":60,"column":4},"end":{"line":62,"column":5}},"type":"if","locations":[{"start":{"line":60,"column":4},"end":{"line":62,"column":5}}]},"3":{"loc":{"start":{"line":105,"column":6},"end":{"line":107,"column":7}},"type":"if","locations":[{"start":{"line":105,"column":6},"end":{"line":107,"column":7}}]},"4":{"loc":{"start":{"line":123,"column":51},"end":{"line":123,"column":75}},"type":"binary-expr","locations":[{"start":{"line":123,"column":51},"end":{"line":123,"column":63}},{"start":{"line":123,"column":67},"end":{"line":123,"column":75}}]},"5":{"loc":{"start":{"line":125,"column":4},"end":{"line":127,"column":5}},"type":"if","locations":[{"start":{"line":125,"column":4},"end":{"line":127,"column":5}}]},"6":{"loc":{"start":{"line":151,"column":4},"end":{"line":153,"column":5}},"type":"if","locations":[{"start":{"line":151,"column":4},"end":{"line":153,"column":5}}]},"7":{"loc":{"start":{"line":182,"column":4},"end":{"line":184,"column":5}},"type":"if","locations":[{"start":{"line":182,"column":4},"end":{"line":184,"column":5}}]},"8":{"loc":{"start":{"line":186,"column":4},"end":{"line":188,"column":5}},"type":"if","locations":[{"start":{"line":186,"column":4},"end":{"line":188,"column":5}}]},"9":{"loc":{"start":{"line":190,"column":4},"end":{"line":192,"column":5}},"type":"if","locations":[{"start":{"line":190,"column":4},"end":{"line":192,"column":5}}]}},"s":{"0":1,"1":1,"2":1,"3":1,"4":1,"5":1,"6":1,"7":1,"8":1,"9":1,"10":1,"11":1,"12":1,"13":17,"14":17,"15":17,"16":17,"17":17,"18":17,"19":17,"20":3,"21":3,"22":1,"23":2,"24":2,"25":1,"26":1,"27":1,"28":2,"29":2,"30":1,"31":1,"32":1,"33":1,"34":1,"35":1,"36":1,"37":1,"38":1,"39":1,"40":1,"41":0,"42":4,"43":4,"44":1,"45":1,"46":3,"47":3,"48":1,"49":2,"50":1,"51":1,"52":1,"53":1,"54":2,"55":2,"56":1,"57":1,"58":1,"59":1,"60":1,"61":1,"62":4,"63":4,"64":1,"65":3,"66":1,"67":2,"68":1,"69":1,"70":1,"71":1,"72":1,"73":1,"74":1,"75":1,"76":1,"77":1},"f":{"0":17,"1":3,"2":2,"3":1,"4":4,"5":2,"6":4},"b":{"0":[1],"1":[1],"2":[1],"3":[1],"4":[3,0],"5":[1],"6":[1],"7":[1],"8":[1],"9":[1]}}
,"C:\\Users\\ronal\\Desktop\\Nerdery-Ecommerce-Backend-Nestjs\\nerdery-ecommerce\\src\\auth\\decoratos\\roles.decorator.ts": {"path":"C:\\Users\\ronal\\Desktop\\Nerdery-Ecommerce-Backend-Nestjs\\nerdery-ecommerce\\src\\auth\\decoratos\\roles.decorator.ts","statementMap":{"0":{"start":{"line":1,"column":0},"end":{"line":1,"column":41}},"1":{"start":{"line":3,"column":13},"end":{"line":3,"column":33}},"2":{"start":{"line":4,"column":13},"end":{"line":4,"column":67}}},"fnMap":{},"branchMap":{},"s":{"0":1,"1":1,"2":1},"f":{},"b":{}}
,"C:\\Users\\ronal\\Desktop\\Nerdery-Ecommerce-Backend-Nestjs\\nerdery-ecommerce\\src\\auth\\guards\\access-token-with-roles.guard.ts": {"path":"C:\\Users\\ronal\\Desktop\\Nerdery-Ecommerce-Backend-Nestjs\\nerdery-ecommerce\\src\\auth\\guards\\access-token-with-roles.guard.ts","statementMap":{"0":{"start":{"line":1,"column":0},"end":{"line":1,"column":null}},"1":{"start":{"line":7,"column":0},"end":{"line":7,"column":41}},"2":{"start":{"line":8,"column":0},"end":{"line":8,"column":75}},"3":{"start":{"line":10,"column":0},"end":{"line":10,"column":57}},"4":{"start":{"line":13,"column":0},"end":{"line":13,"column":56}},"5":{"start":{"line":16,"column":7},"end":{"line":53,"column":null}},"6":{"start":{"line":18,"column":4},"end":{"line":18,"column":12}},"7":{"start":{"line":17,"column":31},"end":{"line":17,"column":42}},"8":{"start":{"line":23,"column":28},"end":{"line":23,"column":60}},"9":{"start":{"line":24,"column":4},"end":{"line":26,"column":5}},"10":{"start":{"line":25,"column":6},"end":{"line":25,"column":19}},"11":{"start":{"line":27,"column":4},"end":{"line":27,"column":35}},"12":{"start":{"line":28,"column":4},"end":{"line":28,"column":16}},"13":{"start":{"line":33,"column":26},"end":{"line":33,"column":87}},"14":{"start":{"line":35,"column":4},"end":{"line":37,"column":5}},"15":{"start":{"line":36,"column":6},"end":{"line":36,"column":18}},"16":{"start":{"line":39,"column":20},"end":{"line":39,"column":50}},"17":{"start":{"line":41,"column":32},"end":{"line":41,"column":44}},"18":{"start":{"line":42,"column":4},"end":{"line":44,"column":5}},"19":{"start":{"line":43,"column":6},"end":{"line":43,"column":64}},"20":{"start":{"line":46,"column":4},"end":{"line":50,"column":5}},"21":{"start":{"line":46,"column":35},"end":{"line":46,"column":63}},"22":{"start":{"line":47,"column":6},"end":{"line":49,"column":8}},"23":{"start":{"line":51,"column":4},"end":{"line":51,"column":16}},"24":{"start":{"line":16,"column":13},"end":{"line":16,"column":38}},"25":{"start":{"line":16,"column":13},"end":{"line":53,"column":null}}},"fnMap":{"0":{"name":"(anonymous_2)","decl":{"start":{"line":17,"column":2},"end":{"line":17,"column":31}},"loc":{"start":{"line":17,"column":51},"end":{"line":19,"column":3}}},"1":{"name":"(anonymous_3)","decl":{"start":{"line":21,"column":2},"end":{"line":21,"column":7}},"loc":{"start":{"line":21,"column":45},"end":{"line":29,"column":3}}},"2":{"name":"(anonymous_4)","decl":{"start":{"line":31,"column":2},"end":{"line":31,"column":7}},"loc":{"start":{"line":31,"column":44},"end":{"line":52,"column":3}}},"3":{"name":"(anonymous_5)","decl":{"start":{"line":46,"column":25},"end":{"line":46,"column":26}},"loc":{"start":{"line":46,"column":35},"end":{"line":46,"column":63}}}},"branchMap":{"0":{"loc":{"start":{"line":24,"column":4},"end":{"line":26,"column":5}},"type":"if","locations":[{"start":{"line":24,"column":4},"end":{"line":26,"column":5}}]},"1":{"loc":{"start":{"line":35,"column":4},"end":{"line":37,"column":5}},"type":"if","locations":[{"start":{"line":35,"column":4},"end":{"line":37,"column":5}}]},"2":{"loc":{"start":{"line":42,"column":4},"end":{"line":44,"column":5}},"type":"if","locations":[{"start":{"line":42,"column":4},"end":{"line":44,"column":5}}]},"3":{"loc":{"start":{"line":46,"column":4},"end":{"line":50,"column":5}},"type":"if","locations":[{"start":{"line":46,"column":4},"end":{"line":50,"column":5}}]}},"s":{"0":1,"1":1,"2":1,"3":1,"4":1,"5":1,"6":7,"7":7,"8":2,"9":2,"10":1,"11":1,"12":1,"13":4,"14":4,"15":1,"16":3,"17":3,"18":3,"19":1,"20":2,"21":2,"22":1,"23":1,"24":1,"25":1},"f":{"0":7,"1":2,"2":4,"3":2},"b":{"0":[1],"1":[1],"2":[1],"3":[1]}}
,"C:\\Users\\ronal\\Desktop\\Nerdery-Ecommerce-Backend-Nestjs\\nerdery-ecommerce\\src\\auth\\guards\\access-token.guard.ts": {"path":"C:\\Users\\ronal\\Desktop\\Nerdery-Ecommerce-Backend-Nestjs\\nerdery-ecommerce\\src\\auth\\guards\\access-token.guard.ts","statementMap":{"0":{"start":{"line":1,"column":0},"end":{"line":1,"column":62}},"1":{"start":{"line":2,"column":0},"end":{"line":2,"column":45}},"2":{"start":{"line":3,"column":0},"end":{"line":3,"column":75}},"3":{"start":{"line":6,"column":7},"end":{"line":10,"column":null}},"4":{"start":{"line":8,"column":4},"end":{"line":8,"column":42}},"5":{"start":{"line":6,"column":13},"end":{"line":6,"column":29}},"6":{"start":{"line":6,"column":13},"end":{"line":10,"column":null}}},"fnMap":{"0":{"name":"(anonymous_1)","decl":{"start":{"line":7,"column":2},"end":{"line":7,"column":12}},"loc":{"start":{"line":7,"column":38},"end":{"line":9,"column":3}}}},"branchMap":{},"s":{"0":2,"1":2,"2":2,"3":2,"4":2,"5":2,"6":2},"f":{"0":2},"b":{}}
,"C:\\Users\\ronal\\Desktop\\Nerdery-Ecommerce-Backend-Nestjs\\nerdery-ecommerce\\src\\auth\\services\\password.service.ts": {"path":"C:\\Users\\ronal\\Desktop\\Nerdery-Ecommerce-Backend-Nestjs\\nerdery-ecommerce\\src\\auth\\services\\password.service.ts","statementMap":{"0":{"start":{"line":1,"column":0},"end":{"line":1,"column":44}},"1":{"start":{"line":2,"column":0},"end":{"line":2,"column":47}},"2":{"start":{"line":3,"column":0},"end":{"line":3,"column":39}},"3":{"start":{"line":4,"column":0},"end":{"line":4,"column":76}},"4":{"start":{"line":7,"column":7},"end":{"line":27,"column":null}},"5":{"start":{"line":8,"column":22},"end":{"line":8,"column":37}},"6":{"start":{"line":11,"column":27},"end":{"line":11,"column":95}},"7":{"start":{"line":13,"column":4},"end":{"line":15,"column":5}},"8":{"start":{"line":14,"column":6},"end":{"line":14,"column":28}},"9":{"start":{"line":16,"column":23},"end":{"line":16,"column":51}},"10":{"start":{"line":17,"column":4},"end":{"line":17,"column":47}},"11":{"start":{"line":21,"column":4},"end":{"line":21,"column":49}},"12":{"start":{"line":25,"column":4},"end":{"line":25,"column":35}},"13":{"start":{"line":7,"column":13},"end":{"line":7,"column":28}},"14":{"start":{"line":7,"column":13},"end":{"line":27,"column":null}}},"fnMap":{"0":{"name":"(anonymous_2)","decl":{"start":{"line":8,"column":2},"end":{"line":8,"column":22}},"loc":{"start":{"line":8,"column":50},"end":{"line":8,"column":54}}},"1":{"name":"(anonymous_3)","decl":{"start":{"line":10,"column":2},"end":{"line":10,"column":6}},"loc":{"start":{"line":10,"column":22},"end":{"line":18,"column":3}}},"2":{"name":"(anonymous_4)","decl":{"start":{"line":20,"column":2},"end":{"line":20,"column":7}},"loc":{"start":{"line":20,"column":37},"end":{"line":22,"column":3}}},"3":{"name":"(anonymous_5)","decl":{"start":{"line":24,"column":2},"end":{"line":24,"column":7}},"loc":{"start":{"line":24,"column":55},"end":{"line":26,"column":3}}}},"branchMap":{"0":{"loc":{"start":{"line":13,"column":4},"end":{"line":15,"column":5}},"type":"if","locations":[{"start":{"line":13,"column":4},"end":{"line":15,"column":5}}]},"1":{"loc":{"start":{"line":17,"column":11},"end":{"line":17,"column":46}},"type":"cond-expr","locations":[{"start":{"line":17,"column":31},"end":{"line":17,"column":33}},{"start":{"line":17,"column":36},"end":{"line":17,"column":46}}]}},"s":{"0":2,"1":2,"2":2,"3":2,"4":2,"5":10,"6":7,"7":7,"8":2,"9":5,"10":5,"11":1,"12":2,"13":2,"14":2},"f":{"0":10,"1":7,"2":1,"3":2},"b":{"0":[2],"1":[4,1]}}
,"C:\\Users\\ronal\\Desktop\\Nerdery-Ecommerce-Backend-Nestjs\\nerdery-ecommerce\\src\\auth\\services\\redis.service.ts": {"path":"C:\\Users\\ronal\\Desktop\\Nerdery-Ecommerce-Backend-Nestjs\\nerdery-ecommerce\\src\\auth\\services\\redis.service.ts","statementMap":{"0":{"start":{"line":1,"column":0},"end":{"line":1,"column":null}},"1":{"start":{"line":7,"column":0},"end":{"line":7,"column":47}},"2":{"start":{"line":8,"column":0},"end":{"line":8,"column":28}},"3":{"start":{"line":9,"column":0},"end":{"line":9,"column":78}},"4":{"start":{"line":12,"column":25},"end":{"line":77,"column":null}},"5":{"start":{"line":16,"column":31},"end":{"line":16,"column":46}},"6":{"start":{"line":14,"column":10},"end":{"line":14,"column":49}},"7":{"start":{"line":17,"column":22},"end":{"line":17,"column":76}},"8":{"start":{"line":18,"column":4},"end":{"line":27,"column":7}},"9":{"start":{"line":23,"column":22},"end":{"line":23,"column":26}},"10":{"start":{"line":24,"column":8},"end":{"line":24,"column":97}},"11":{"start":{"line":25,"column":8},"end":{"line":25,"column":21}},"12":{"start":{"line":31,"column":4},"end":{"line":35,"column":5}},"13":{"start":{"line":32,"column":6},"end":{"line":34,"column":8}},"14":{"start":{"line":36,"column":4},"end":{"line":36,"column":39}},"15":{"start":{"line":40,"column":4},"end":{"line":44,"column":5}},"16":{"start":{"line":41,"column":6},"end":{"line":41,"column":63}},"17":{"start":{"line":43,"column":6},"end":{"line":43,"column":45}},"18":{"start":{"line":48,"column":4},"end":{"line":48,"column":37}},"19":{"start":{"line":52,"column":4},"end":{"line":52,"column":36}},"20":{"start":{"line":56,"column":4},"end":{"line":56,"column":40}},"21":{"start":{"line":60,"column":4},"end":{"line":62,"column":5}},"22":{"start":{"line":61,"column":6},"end":{"line":61,"column":71}},"23":{"start":{"line":64,"column":27},"end":{"line":64,"column":65}},"24":{"start":{"line":65,"column":4},"end":{"line":69,"column":5}},"25":{"start":{"line":66,"column":6},"end":{"line":68,"column":8}},"26":{"start":{"line":71,"column":17},"end":{"line":71,"column":53}},"27":{"start":{"line":72,"column":4},"end":{"line":74,"column":5}},"28":{"start":{"line":73,"column":6},"end":{"line":73,"column":42}},"29":{"start":{"line":75,"column":4},"end":{"line":75,"column":22}},"30":{"start":{"line":12,"column":13},"end":{"line":12,"column":25}},"31":{"start":{"line":12,"column":13},"end":{"line":77,"column":null}}},"fnMap":{"0":{"name":"(anonymous_3)","decl":{"start":{"line":16,"column":2},"end":{"line":16,"column":31}},"loc":{"start":{"line":16,"column":59},"end":{"line":28,"column":3}}},"1":{"name":"(anonymous_4)","decl":{"start":{"line":22,"column":21},"end":{"line":22,"column":22}},"loc":{"start":{"line":22,"column":31},"end":{"line":26,"column":7}}},"2":{"name":"(anonymous_5)","decl":{"start":{"line":30,"column":2},"end":{"line":30,"column":19}},"loc":{"start":{"line":30,"column":47},"end":{"line":37,"column":3}}},"3":{"name":"(anonymous_6)","decl":{"start":{"line":39,"column":2},"end":{"line":39,"column":7}},"loc":{"start":{"line":39,"column":64},"end":{"line":45,"column":3}}},"4":{"name":"(anonymous_7)","decl":{"start":{"line":47,"column":2},"end":{"line":47,"column":7}},"loc":{"start":{"line":47,"column":23},"end":{"line":49,"column":3}}},"5":{"name":"(anonymous_8)","decl":{"start":{"line":51,"column":2},"end":{"line":51,"column":7}},"loc":{"start":{"line":51,"column":23},"end":{"line":53,"column":3}}},"6":{"name":"(anonymous_9)","decl":{"start":{"line":55,"column":2},"end":{"line":55,"column":7}},"loc":{"start":{"line":55,"column":26},"end":{"line":57,"column":3}}},"7":{"name":"(anonymous_10)","decl":{"start":{"line":59,"column":2},"end":{"line":59,"column":7}},"loc":{"start":{"line":59,"column":46},"end":{"line":76,"column":3}}}},"branchMap":{"0":{"loc":{"start":{"line":31,"column":4},"end":{"line":35,"column":5}},"type":"if","locations":[{"start":{"line":31,"column":4},"end":{"line":35,"column":5}}]},"1":{"loc":{"start":{"line":31,"column":8},"end":{"line":31,"column":49}},"type":"binary-expr","locations":[{"start":{"line":31,"column":8},"end":{"line":31,"column":15}},{"start":{"line":31,"column":19},"end":{"line":31,"column":23}},{"start":{"line":31,"column":27},"end":{"line":31,"column":37}},{"start":{"line":31,"column":41},"end":{"line":31,"column":49}}]},"2":{"loc":{"start":{"line":39,"column":40},"end":{"line":39,"column":64}},"type":"default-arg","locations":[{"start":{"line":39,"column":61},"end":{"line":39,"column":64}}]},"3":{"loc":{"start":{"line":40,"column":4},"end":{"line":44,"column":5}},"type":"if","locations":[{"start":{"line":40,"column":4},"end":{"line":44,"column":5}},{"start":{"line":42,"column":11},"end":{"line":44,"column":5}}]},"4":{"loc":{"start":{"line":60,"column":4},"end":{"line":62,"column":5}},"type":"if","locations":[{"start":{"line":60,"column":4},"end":{"line":62,"column":5}}]},"5":{"loc":{"start":{"line":60,"column":8},"end":{"line":60,"column":40}},"type":"binary-expr","locations":[{"start":{"line":60,"column":8},"end":{"line":60,"column":16}},{"start":{"line":60,"column":20},"end":{"line":60,"column":40}}]},"6":{"loc":{"start":{"line":65,"column":4},"end":{"line":69,"column":5}},"type":"if","locations":[{"start":{"line":65,"column":4},"end":{"line":69,"column":5}}]},"7":{"loc":{"start":{"line":72,"column":4},"end":{"line":74,"column":5}},"type":"if","locations":[{"start":{"line":72,"column":4},"end":{"line":74,"column":5}}]},"8":{"loc":{"start":{"line":72,"column":8},"end":{"line":72,"column":31}},"type":"binary-expr","locations":[{"start":{"line":72,"column":8},"end":{"line":72,"column":12}},{"start":{"line":72,"column":16},"end":{"line":72,"column":31}}]},"9":{"loc":{"start":{"line":75,"column":11},"end":{"line":75,"column":21}},"type":"binary-expr","locations":[{"start":{"line":75,"column":11},"end":{"line":75,"column":15}},{"start":{"line":75,"column":19},"end":{"line":75,"column":21}}]}},"s":{"0":3,"1":3,"2":3,"3":3,"4":3,"5":28,"6":28,"7":28,"8":28,"9":0,"10":0,"11":0,"12":11,"13":10,"14":1,"15":2,"16":1,"17":1,"18":1,"19":1,"20":1,"21":11,"22":3,"23":8,"24":8,"25":5,"26":3,"27":3,"28":2,"29":3,"30":3,"31":3},"f":{"0":28,"1":0,"2":11,"3":2,"4":1,"5":1,"6":1,"7":11},"b":{"0":[10],"1":[11,5,3,3],"2":[0],"3":[1,1],"4":[3],"5":[11,8],"6":[5],"7":[2],"8":[3,3],"9":[3,0]}}
,"C:\\Users\\ronal\\Desktop\\Nerdery-Ecommerce-Backend-Nestjs\\nerdery-ecommerce\\src\\auth\\services\\users.service.ts": {"path":"C:\\Users\\ronal\\Desktop\\Nerdery-Ecommerce-Backend-Nestjs\\nerdery-ecommerce\\src\\auth\\services\\users.service.ts","statementMap":{"0":{"start":{"line":1,"column":0},"end":{"line":1,"column":44}},"1":{"start":{"line":3,"column":0},"end":{"line":3,"column":58}},"2":{"start":{"line":6,"column":7},"end":{"line":33,"column":null}},"3":{"start":{"line":7,"column":22},"end":{"line":7,"column":30}},"4":{"start":{"line":10,"column":4},"end":{"line":14,"column":7}},"5":{"start":{"line":18,"column":4},"end":{"line":22,"column":7}},"6":{"start":{"line":26,"column":22},"end":{"line":29,"column":6}},"7":{"start":{"line":30,"column":18},"end":{"line":30,"column":53}},"8":{"start":{"line":30,"column":40},"end":{"line":30,"column":52}},"9":{"start":{"line":31,"column":4},"end":{"line":31,"column":17}},"10":{"start":{"line":6,"column":13},"end":{"line":6,"column":25}},"11":{"start":{"line":6,"column":13},"end":{"line":33,"column":null}}},"fnMap":{"0":{"name":"(anonymous_2)","decl":{"start":{"line":7,"column":2},"end":{"line":7,"column":22}},"loc":{"start":{"line":7,"column":43},"end":{"line":7,"column":47}}},"1":{"name":"(anonymous_3)","decl":{"start":{"line":9,"column":2},"end":{"line":9,"column":7}},"loc":{"start":{"line":9,"column":31},"end":{"line":15,"column":3}}},"2":{"name":"(anonymous_4)","decl":{"start":{"line":17,"column":2},"end":{"line":17,"column":7}},"loc":{"start":{"line":17,"column":36},"end":{"line":23,"column":3}}},"3":{"name":"(anonymous_5)","decl":{"start":{"line":25,"column":2},"end":{"line":25,"column":7}},"loc":{"start":{"line":25,"column":35},"end":{"line":32,"column":3}}},"4":{"name":"(anonymous_6)","decl":{"start":{"line":30,"column":32},"end":{"line":30,"column":33}},"loc":{"start":{"line":30,"column":40},"end":{"line":30,"column":52}}}},"branchMap":{},"s":{"0":2,"1":2,"2":2,"3":7,"4":2,"5":2,"6":2,"7":2,"8":2,"9":2,"10":2,"11":2},"f":{"0":7,"1":2,"2":2,"3":2,"4":2},"b":{}}
,"C:\\Users\\ronal\\Desktop\\Nerdery-Ecommerce-Backend-Nestjs\\nerdery-ecommerce\\src\\auth\\services\\token\\token.service.ts": {"path":"C:\\Users\\ronal\\Desktop\\Nerdery-Ecommerce-Backend-Nestjs\\nerdery-ecommerce\\src\\auth\\services\\token\\token.service.ts","statementMap":{"0":{"start":{"line":1,"column":0},"end":{"line":1,"column":84}},"1":{"start":{"line":2,"column":0},"end":{"line":2,"column":47}},"2":{"start":{"line":3,"column":0},"end":{"line":3,"column":41}},"3":{"start":{"line":4,"column":0},"end":{"line":4,"column":20}},"4":{"start":{"line":7,"column":0},"end":{"line":7,"column":76}},"5":{"start":{"line":8,"column":0},"end":{"line":8,"column":54}},"6":{"start":{"line":9,"column":0},"end":{"line":9,"column":58}},"7":{"start":{"line":10,"column":0},"end":{"line":10,"column":35}},"8":{"start":{"line":12,"column":0},"end":{"line":12,"column":48}},"9":{"start":{"line":15,"column":7},"end":{"line":127,"column":null}},"10":{"start":{"line":17,"column":21},"end":{"line":17,"column":33}},"11":{"start":{"line":18,"column":21},"end":{"line":18,"column":35}},"12":{"start":{"line":19,"column":21},"end":{"line":19,"column":36}},"13":{"start":{"line":20,"column":21},"end":{"line":20,"column":36}},"14":{"start":{"line":30,"column":54},"end":{"line":30,"column":58}},"15":{"start":{"line":31,"column":22},"end":{"line":31,"column":72}},"16":{"start":{"line":34,"column":16},"end":{"line":34,"column":45}},"17":{"start":{"line":36,"column":48},"end":{"line":43,"column":6}},"18":{"start":{"line":45,"column":24},"end":{"line":48,"column":6}},"19":{"start":{"line":50,"column":4},"end":{"line":50,"column":59}},"20":{"start":{"line":52,"column":25},"end":{"line":52,"column":32}},"21":{"start":{"line":53,"column":28},"end":{"line":53,"column":74}},"22":{"start":{"line":55,"column":4},"end":{"line":61,"column":7}},"23":{"start":{"line":63,"column":4},"end":{"line":70,"column":6}},"24":{"start":{"line":76,"column":4},"end":{"line":76,"column":39}},"25":{"start":{"line":77,"column":21},"end":{"line":77,"column":69}},"26":{"start":{"line":78,"column":22},"end":{"line":78,"column":82}},"27":{"start":{"line":80,"column":4},"end":{"line":80,"column":77}},"28":{"start":{"line":84,"column":4},"end":{"line":84,"column":39}},"29":{"start":{"line":85,"column":21},"end":{"line":85,"column":69}},"30":{"start":{"line":86,"column":4},"end":{"line":86,"column":42}},"31":{"start":{"line":90,"column":4},"end":{"line":90,"column":39}},"32":{"start":{"line":91,"column":4},"end":{"line":91,"column":75}},"33":{"start":{"line":97,"column":18},"end":{"line":99,"column":6}},"34":{"start":{"line":100,"column":4},"end":{"line":102,"column":5}},"35":{"start":{"line":101,"column":6},"end":{"line":101,"column":59}},"36":{"start":{"line":103,"column":4},"end":{"line":103,"column":17}},"37":{"start":{"line":106,"column":4},"end":{"line":112,"column":5}},"38":{"start":{"line":107,"column":6},"end":{"line":107,"column":80}},"39":{"start":{"line":108,"column":6},"end":{"line":108,"column":18}},"40":{"start":{"line":113,"column":4},"end":{"line":113,"column":17}},"41":{"start":{"line":117,"column":4},"end":{"line":117,"column":39}},"42":{"start":{"line":118,"column":18},"end":{"line":118,"column":89}},"43":{"start":{"line":119,"column":4},"end":{"line":119,"column":23}},"44":{"start":{"line":123,"column":4},"end":{"line":125,"column":5}},"45":{"start":{"line":124,"column":6},"end":{"line":124,"column":72}},"46":{"start":{"line":15,"column":13},"end":{"line":15,"column":25}},"47":{"start":{"line":15,"column":13},"end":{"line":127,"column":null}}},"fnMap":{"0":{"name":"(anonymous_3)","decl":{"start":{"line":16,"column":2},"end":{"line":16,"column":null}},"loc":{"start":{"line":20,"column":49},"end":{"line":21,"column":6}}},"1":{"name":"(anonymous_4)","decl":{"start":{"line":23,"column":2},"end":{"line":23,"column":7}},"loc":{"start":{"line":29,"column":3},"end":{"line":71,"column":3}}},"2":{"name":"(anonymous_5)","decl":{"start":{"line":75,"column":2},"end":{"line":75,"column":7}},"loc":{"start":{"line":75,"column":78},"end":{"line":81,"column":3}}},"3":{"name":"(anonymous_6)","decl":{"start":{"line":83,"column":2},"end":{"line":83,"column":7}},"loc":{"start":{"line":83,"column":62},"end":{"line":87,"column":3}}},"4":{"name":"(anonymous_7)","decl":{"start":{"line":89,"column":2},"end":{"line":89,"column":7}},"loc":{"start":{"line":89,"column":57},"end":{"line":92,"column":3}}},"5":{"name":"(anonymous_8)","decl":{"start":{"line":96,"column":2},"end":{"line":96,"column":7}},"loc":{"start":{"line":96,"column":56},"end":{"line":104,"column":3}}},"6":{"name":"(anonymous_9)","decl":{"start":{"line":105,"column":2},"end":{"line":105,"column":7}},"loc":{"start":{"line":105,"column":51},"end":{"line":114,"column":3}}},"7":{"name":"(anonymous_10)","decl":{"start":{"line":116,"column":2},"end":{"line":116,"column":7}},"loc":{"start":{"line":116,"column":49},"end":{"line":120,"column":3}}},"8":{"name":"(anonymous_11)","decl":{"start":{"line":122,"column":2},"end":{"line":122,"column":23}},"loc":{"start":{"line":122,"column":34},"end":{"line":126,"column":3}}}},"branchMap":{"0":{"loc":{"start":{"line":100,"column":4},"end":{"line":102,"column":5}},"type":"if","locations":[{"start":{"line":100,"column":4},"end":{"line":102,"column":5}}]},"1":{"loc":{"start":{"line":123,"column":4},"end":{"line":125,"column":5}},"type":"if","locations":[{"start":{"line":123,"column":4},"end":{"line":125,"column":5}}]}},"s":{"0":2,"1":2,"2":2,"3":2,"4":2,"5":2,"6":2,"7":2,"8":2,"9":2,"10":17,"11":17,"12":17,"13":17,"14":2,"15":1,"16":1,"17":1,"18":1,"19":1,"20":1,"21":1,"22":1,"23":1,"24":2,"25":2,"26":2,"27":2,"28":4,"29":1,"30":1,"31":1,"32":1,"33":2,"34":2,"35":1,"36":1,"37":2,"38":2,"39":1,"40":1,"41":2,"42":1,"43":1,"44":11,"45":5,"46":2,"47":2},"f":{"0":17,"1":2,"2":2,"3":4,"4":1,"5":2,"6":2,"7":2,"8":11},"b":{"0":[1],"1":[5]}}
,"C:\\Users\\ronal\\Desktop\\Nerdery-Ecommerce-Backend-Nestjs\\nerdery-ecommerce\\src\\cart\\cart.service.ts": {"path":"C:\\Users\\ronal\\Desktop\\Nerdery-Ecommerce-Backend-Nestjs\\nerdery-ecommerce\\src\\cart\\cart.service.ts","statementMap":{"0":{"start":{"line":1,"column":0},"end":{"line":1,"column":44}},"1":{"start":{"line":2,"column":0},"end":{"line":2,"column":124}},"2":{"start":{"line":3,"column":0},"end":{"line":3,"column":58}},"3":{"start":{"line":8,"column":7},"end":{"line":85,"column":null}},"4":{"start":{"line":10,"column":21},"end":{"line":10,"column":29}},"5":{"start":{"line":11,"column":21},"end":{"line":11,"column":53}},"6":{"start":{"line":15,"column":20},"end":{"line":27,"column":6}},"7":{"start":{"line":32,"column":4},"end":{"line":39,"column":6}},"8":{"start":{"line":34,"column":8},"end":{"line":38,"column":52}},"9":{"start":{"line":43,"column":29},"end":{"line":48,"column":6}},"10":{"start":{"line":50,"column":4},"end":{"line":63,"column":15}},"11":{"start":{"line":51,"column":25},"end":{"line":53,"column":null}},"12":{"start":{"line":55,"column":6},"end":{"line":55,"column":69}},"13":{"start":{"line":57,"column":6},"end":{"line":57,"column":39}},"14":{"start":{"line":58,"column":6},"end":{"line":58,"column":48}},"15":{"start":{"line":59,"column":6},"end":{"line":59,"column":48}},"16":{"start":{"line":60,"column":6},"end":{"line":60,"column":42}},"17":{"start":{"line":62,"column":6},"end":{"line":62,"column":23}},"18":{"start":{"line":65,"column":4},"end":{"line":70,"column":6}},"19":{"start":{"line":74,"column":19},"end":{"line":81,"column":6}},"20":{"start":{"line":83,"column":4},"end":{"line":83,"column":24}},"21":{"start":{"line":8,"column":13},"end":{"line":8,"column":24}},"22":{"start":{"line":8,"column":13},"end":{"line":85,"column":null}}},"fnMap":{"0":{"name":"(anonymous_2)","decl":{"start":{"line":9,"column":2},"end":{"line":9,"column":null}},"loc":{"start":{"line":11,"column":83},"end":{"line":12,"column":6}}},"1":{"name":"(anonymous_3)","decl":{"start":{"line":14,"column":2},"end":{"line":14,"column":7}},"loc":{"start":{"line":14,"column":29},"end":{"line":71,"column":3}}},"2":{"name":"(anonymous_4)","decl":{"start":{"line":33,"column":6},"end":{"line":33,"column":7}},"loc":{"start":{"line":34,"column":8},"end":{"line":38,"column":52}}},"3":{"name":"(anonymous_5)","decl":{"start":{"line":50,"column":30},"end":{"line":50,"column":31}},"loc":{"start":{"line":50,"column":54},"end":{"line":63,"column":5}}},"4":{"name":"(anonymous_6)","decl":{"start":{"line":73,"column":2},"end":{"line":73,"column":7}},"loc":{"start":{"line":73,"column":68},"end":{"line":84,"column":3}}}},"branchMap":{"0":{"loc":{"start":{"line":34,"column":8},"end":{"line":38,"column":52}},"type":"binary-expr","locations":[{"start":{"line":34,"column":8},"end":{"line":34,"column":40}},{"start":{"line":35,"column":8},"end":{"line":35,"column":39}},{"start":{"line":36,"column":8},"end":{"line":36,"column":39}},{"start":{"line":37,"column":8},"end":{"line":37,"column":25}},{"start":{"line":38,"column":8},"end":{"line":38,"column":52}}]}},"s":{"0":2,"1":2,"2":2,"3":2,"4":8,"5":8,"6":4,"7":3,"8":6,"9":3,"10":3,"11":2,"12":2,"13":2,"14":2,"15":2,"16":2,"17":2,"18":3,"19":3,"20":2,"21":2,"22":2},"f":{"0":8,"1":4,"2":6,"3":2,"4":3},"b":{"0":[6,5,4,3,3]}}
,"C:\\Users\\ronal\\Desktop\\Nerdery-Ecommerce-Backend-Nestjs\\nerdery-ecommerce\\src\\cart-items\\cart-items.service.ts": {"path":"C:\\Users\\ronal\\Desktop\\Nerdery-Ecommerce-Backend-Nestjs\\nerdery-ecommerce\\src\\cart-items\\cart-items.service.ts","statementMap":{"0":{"start":{"line":1,"column":0},"end":{"line":1,"column":82}},"1":{"start":{"line":3,"column":0},"end":{"line":3,"column":91}},"2":{"start":{"line":4,"column":0},"end":{"line":4,"column":124}},"3":{"start":{"line":5,"column":0},"end":{"line":5,"column":58}},"4":{"start":{"line":10,"column":7},"end":{"line":83,"column":null}},"5":{"start":{"line":12,"column":21},"end":{"line":12,"column":29}},"6":{"start":{"line":13,"column":21},"end":{"line":13,"column":41}},"7":{"start":{"line":14,"column":21},"end":{"line":14,"column":53}},"8":{"start":{"line":18,"column":26},"end":{"line":22,"column":null}},"9":{"start":{"line":25,"column":4},"end":{"line":32,"column":5}},"10":{"start":{"line":31,"column":6},"end":{"line":31,"column":88}},"11":{"start":{"line":34,"column":4},"end":{"line":38,"column":5}},"12":{"start":{"line":35,"column":6},"end":{"line":37,"column":8}},"13":{"start":{"line":40,"column":21},"end":{"line":55,"column":6}},"14":{"start":{"line":57,"column":4},"end":{"line":60,"column":6}},"15":{"start":{"line":64,"column":4},"end":{"line":76,"column":5}},"16":{"start":{"line":65,"column":6},"end":{"line":72,"column":9}},"17":{"start":{"line":75,"column":6},"end":{"line":75,"column":58}},"18":{"start":{"line":78,"column":4},"end":{"line":81,"column":6}},"19":{"start":{"line":10,"column":13},"end":{"line":10,"column":29}},"20":{"start":{"line":10,"column":13},"end":{"line":83,"column":null}}},"fnMap":{"0":{"name":"(anonymous_2)","decl":{"start":{"line":11,"column":2},"end":{"line":11,"column":null}},"loc":{"start":{"line":14,"column":83},"end":{"line":15,"column":6}}},"1":{"name":"(anonymous_3)","decl":{"start":{"line":17,"column":2},"end":{"line":17,"column":7}},"loc":{"start":{"line":17,"column":59},"end":{"line":61,"column":3}}},"2":{"name":"(anonymous_4)","decl":{"start":{"line":63,"column":2},"end":{"line":63,"column":7}},"loc":{"start":{"line":63,"column":57},"end":{"line":82,"column":3}}}},"branchMap":{"0":{"loc":{"start":{"line":25,"column":4},"end":{"line":32,"column":5}},"type":"if","locations":[{"start":{"line":25,"column":4},"end":{"line":32,"column":5}}]},"1":{"loc":{"start":{"line":26,"column":6},"end":{"line":29,"column":37}},"type":"binary-expr","locations":[{"start":{"line":26,"column":6},"end":{"line":26,"column":30}},{"start":{"line":27,"column":6},"end":{"line":27,"column":38}},{"start":{"line":28,"column":6},"end":{"line":28,"column":29}},{"start":{"line":29,"column":6},"end":{"line":29,"column":37}}]},"2":{"loc":{"start":{"line":34,"column":4},"end":{"line":38,"column":5}},"type":"if","locations":[{"start":{"line":34,"column":4},"end":{"line":38,"column":5}}]}},"s":{"0":1,"1":1,"2":1,"3":1,"4":1,"5":7,"6":7,"7":7,"8":4,"9":4,"10":1,"11":3,"12":1,"13":2,"14":2,"15":2,"16":2,"17":1,"18":1,"19":1,"20":1},"f":{"0":7,"1":4,"2":2},"b":{"0":[1],"1":[4,3,3,3],"2":[1]}}
,"C:\\Users\\ronal\\Desktop\\Nerdery-Ecommerce-Backend-Nestjs\\nerdery-ecommerce\\src\\categories\\categories.service.ts": {"path":"C:\\Users\\ronal\\Desktop\\Nerdery-Ecommerce-Backend-Nestjs\\nerdery-ecommerce\\src\\categories\\categories.service.ts","statementMap":{"0":{"start":{"line":1,"column":0},"end":{"line":1,"column":44}},"1":{"start":{"line":2,"column":0},"end":{"line":2,"column":58}},"2":{"start":{"line":5,"column":7},"end":{"line":45,"column":null}},"3":{"start":{"line":6,"column":31},"end":{"line":6,"column":39}},"4":{"start":{"line":9,"column":4},"end":{"line":13,"column":5}},"5":{"start":{"line":10,"column":6},"end":{"line":12,"column":9}},"6":{"start":{"line":15,"column":4},"end":{"line":23,"column":7}},"7":{"start":{"line":27,"column":4},"end":{"line":33,"column":7}},"8":{"start":{"line":37,"column":4},"end":{"line":43,"column":6}},"9":{"start":{"line":5,"column":13},"end":{"line":5,"column":30}},"10":{"start":{"line":5,"column":13},"end":{"line":45,"column":null}}},"fnMap":{"0":{"name":"(anonymous_2)","decl":{"start":{"line":6,"column":2},"end":{"line":6,"column":31}},"loc":{"start":{"line":6,"column":52},"end":{"line":6,"column":56}}},"1":{"name":"(anonymous_3)","decl":{"start":{"line":8,"column":2},"end":{"line":8,"column":7}},"loc":{"start":{"line":8,"column":35},"end":{"line":24,"column":3}}},"2":{"name":"(anonymous_4)","decl":{"start":{"line":26,"column":2},"end":{"line":26,"column":7}},"loc":{"start":{"line":26,"column":31},"end":{"line":34,"column":3}}},"3":{"name":"(anonymous_5)","decl":{"start":{"line":36,"column":2},"end":{"line":36,"column":7}},"loc":{"start":{"line":36,"column":36},"end":{"line":44,"column":3}}}},"branchMap":{"0":{"loc":{"start":{"line":9,"column":4},"end":{"line":13,"column":5}},"type":"if","locations":[{"start":{"line":9,"column":4},"end":{"line":13,"column":5}}]}},"s":{"0":2,"1":2,"2":2,"3":9,"4":3,"5":1,"6":2,"7":3,"8":2,"9":2,"10":2},"f":{"0":9,"1":3,"2":3,"3":2},"b":{"0":[1]}}
,"C:\\Users\\ronal\\Desktop\\Nerdery-Ecommerce-Backend-Nestjs\\nerdery-ecommerce\\src\\cloudinary\\cloudinary.service.ts": {"path":"C:\\Users\\ronal\\Desktop\\Nerdery-Ecommerce-Backend-Nestjs\\nerdery-ecommerce\\src\\cloudinary\\cloudinary.service.ts","statementMap":{"0":{"start":{"line":1,"column":0},"end":{"line":1,"column":74}},"1":{"start":{"line":2,"column":0},"end":{"line":2,"column":46}},"2":{"start":{"line":3,"column":0},"end":{"line":3,"column":43}},"3":{"start":{"line":8,"column":7},"end":{"line":28,"column":null}},"4":{"start":{"line":10,"column":4},"end":{"line":26,"column":5}},"5":{"start":{"line":11,"column":6},"end":{"line":21,"column":9}},"6":{"start":{"line":12,"column":29},"end":{"line":17,"column":null}},"7":{"start":{"line":15,"column":12},"end":{"line":15,"column":44}},"8":{"start":{"line":15,"column":23},"end":{"line":15,"column":44}},"9":{"start":{"line":16,"column":12},"end":{"line":16,"column":28}},"10":{"start":{"line":20,"column":8},"end":{"line":20,"column":69}},"11":{"start":{"line":23,"column":6},"end":{"line":25,"column":8}},"12":{"start":{"line":8,"column":13},"end":{"line":8,"column":30}},"13":{"start":{"line":8,"column":13},"end":{"line":28,"column":null}}},"fnMap":{"0":{"name":"(anonymous_10)","decl":{"start":{"line":9,"column":2},"end":{"line":9,"column":7}},"loc":{"start":{"line":9,"column":44},"end":{"line":27,"column":3}}},"1":{"name":"(anonymous_11)","decl":{"start":{"line":11,"column":45},"end":{"line":11,"column":46}},"loc":{"start":{"line":11,"column":65},"end":{"line":21,"column":7}}},"2":{"name":"(anonymous_12)","decl":{"start":{"line":14,"column":10},"end":{"line":14,"column":11}},"loc":{"start":{"line":14,"column":28},"end":{"line":17,"column":11}}}},"branchMap":{"0":{"loc":{"start":{"line":15,"column":12},"end":{"line":15,"column":44}},"type":"if","locations":[{"start":{"line":15,"column":12},"end":{"line":15,"column":44}}]}},"s":{"0":2,"1":2,"2":2,"3":2,"4":2,"5":2,"6":2,"7":2,"8":1,"9":1,"10":2,"11":0,"12":2,"13":2},"f":{"0":2,"1":2,"2":2},"b":{"0":[1]}}
,"C:\\Users\\ronal\\Desktop\\Nerdery-Ecommerce-Backend-Nestjs\\nerdery-ecommerce\\src\\common\\constants.ts": {"path":"C:\\Users\\ronal\\Desktop\\Nerdery-Ecommerce-Backend-Nestjs\\nerdery-ecommerce\\src\\common\\constants.ts","statementMap":{"0":{"start":{"line":1,"column":13},"end":{"line":1,"column":39}},"1":{"start":{"line":2,"column":13},"end":{"line":2,"column":41}},"2":{"start":{"line":4,"column":13},"end":{"line":7,"column":2}},"3":{"start":{"line":9,"column":13},"end":{"line":9,"column":39}}},"fnMap":{},"branchMap":{},"s":{"0":15,"1":15,"2":15,"3":15},"f":{},"b":{}}
,"C:\\Users\\ronal\\Desktop\\Nerdery-Ecommerce-Backend-Nestjs\\nerdery-ecommerce\\src\\common\\utils.ts": {"path":"C:\\Users\\ronal\\Desktop\\Nerdery-Ecommerce-Backend-Nestjs\\nerdery-ecommerce\\src\\common\\utils.ts","statementMap":{"0":{"start":{"line":1,"column":34},"end":{"line":6,"column":1}},"1":{"start":{"line":2,"column":20},"end":{"line":3,"column":null}},"2":{"start":{"line":5,"column":2},"end":{"line":5,"column":30}},"3":{"start":{"line":1,"column":13},"end":{"line":1,"column":34}}},"fnMap":{"0":{"name":"(anonymous_0)","decl":{"start":{"line":1,"column":34},"end":{"line":1,"column":35}},"loc":{"start":{"line":1,"column":60},"end":{"line":6,"column":1}}}},"branchMap":{},"s":{"0":2,"1":11,"2":11,"3":2},"f":{"0":11},"b":{}}
,"C:\\Users\\ronal\\Desktop\\Nerdery-Ecommerce-Backend-Nestjs\\nerdery-ecommerce\\src\\common\\config\\config.interface.ts": {"path":"C:\\Users\\ronal\\Desktop\\Nerdery-Ecommerce-Backend-Nestjs\\nerdery-ecommerce\\src\\common\\config\\config.interface.ts","statementMap":{"0":{"start":{"line":1,"column":13},"end":{"line":12,"column":2}},"1":{"start":{"line":14,"column":0},"end":{"line":14,"column":13}}},"fnMap":{},"branchMap":{},"s":{"0":6,"1":6},"f":{},"b":{}}
,"C:\\Users\\ronal\\Desktop\\Nerdery-Ecommerce-Backend-Nestjs\\nerdery-ecommerce\\src\\common\\guards\\throttle-context.guard.ts": {"path":"C:\\Users\\ronal\\Desktop\\Nerdery-Ecommerce-Backend-Nestjs\\nerdery-ecommerce\\src\\common\\guards\\throttle-context.guard.ts","statementMap":{"0":{"start":{"line":1,"column":0},"end":{"line":1,"column":null}},"1":{"start":{"line":7,"column":0},"end":{"line":7,"column":54}},"2":{"start":{"line":8,"column":0},"end":{"line":8,"column":51}},"3":{"start":{"line":11,"column":7},"end":{"line":37,"column":null}},"4":{"start":{"line":13,"column":4},"end":{"line":35,"column":5}},"5":{"start":{"line":15,"column":28},"end":{"line":15,"column":50}},"6":{"start":{"line":16,"column":8},"end":{"line":19,"column":10}},"7":{"start":{"line":22,"column":31},"end":{"line":22,"column":79}},"8":{"start":{"line":23,"column":20},"end":{"line":23,"column":64}},"9":{"start":{"line":24,"column":20},"end":{"line":24,"column":65}},"10":{"start":{"line":25,"column":8},"end":{"line":27,"column":9}},"11":{"start":{"line":26,"column":10},"end":{"line":26,"column":97}},"12":{"start":{"line":28,"column":8},"end":{"line":30,"column":9}},"13":{"start":{"line":29,"column":10},"end":{"line":29,"column":98}},"14":{"start":{"line":31,"column":8},"end":{"line":31,"column":28}},"15":{"start":{"line":34,"column":8},"end":{"line":34,"column":90}},"16":{"start":{"line":11,"column":13},"end":{"line":11,"column":33}},"17":{"start":{"line":11,"column":13},"end":{"line":37,"column":null}}},"fnMap":{"0":{"name":"(anonymous_1)","decl":{"start":{"line":12,"column":2},"end":{"line":12,"column":20}},"loc":{"start":{"line":12,"column":46},"end":{"line":36,"column":3}}}},"branchMap":{"0":{"loc":{"start":{"line":13,"column":4},"end":{"line":35,"column":5}},"type":"switch","locations":[{"start":{"line":14,"column":6},"end":{"line":20,"column":7}},{"start":{"line":21,"column":6},"end":{"line":32,"column":7}},{"start":{"line":33,"column":6},"end":{"line":34,"column":90}}]},"1":{"loc":{"start":{"line":23,"column":20},"end":{"line":23,"column":64}},"type":"binary-expr","locations":[{"start":{"line":23,"column":20},"end":{"line":23,"column":38}},{"start":{"line":23,"column":42},"end":{"line":23,"column":64}}]},"2":{"loc":{"start":{"line":24,"column":20},"end":{"line":24,"column":65}},"type":"binary-expr","locations":[{"start":{"line":24,"column":20},"end":{"line":24,"column":38}},{"start":{"line":24,"column":42},"end":{"line":24,"column":65}}]},"3":{"loc":{"start":{"line":25,"column":8},"end":{"line":27,"column":9}},"type":"if","locations":[{"start":{"line":25,"column":8},"end":{"line":27,"column":9}}]},"4":{"loc":{"start":{"line":28,"column":8},"end":{"line":30,"column":9}},"type":"if","locations":[{"start":{"line":28,"column":8},"end":{"line":30,"column":9}}]}},"s":{"0":1,"1":1,"2":1,"3":1,"4":5,"5":1,"6":1,"7":3,"8":3,"9":3,"10":3,"11":1,"12":2,"13":1,"14":1,"15":1,"16":1,"17":1},"f":{"0":5},"b":{"0":[1,3,1],"1":[3,1],"2":[3,1],"3":[1],"4":[1]}}
,"C:\\Users\\ronal\\Desktop\\Nerdery-Ecommerce-Backend-Nestjs\\nerdery-ecommerce\\src\\common\\helpers\\context-request.ts": {"path":"C:\\Users\\ronal\\Desktop\\Nerdery-Ecommerce-Backend-Nestjs\\nerdery-ecommerce\\src\\common\\helpers\\context-request.ts","statementMap":{"0":{"start":{"line":1,"column":0},"end":{"line":1,"column":86}},"1":{"start":{"line":2,"column":0},"end":{"line":2,"column":54}},"2":{"start":{"line":4,"column":37},"end":{"line":15,"column":1}},"3":{"start":{"line":5,"column":2},"end":{"line":14,"column":3}},"4":{"start":{"line":7,"column":6},"end":{"line":7,"column":49}},"5":{"start":{"line":9,"column":25},"end":{"line":9,"column":60}},"6":{"start":{"line":10,"column":6},"end":{"line":10,"column":41}},"7":{"start":{"line":13,"column":6},"end":{"line":13,"column":99}},"8":{"start":{"line":4,"column":13},"end":{"line":4,"column":37}}},"fnMap":{"0":{"name":"(anonymous_0)","decl":{"start":{"line":4,"column":37},"end":{"line":4,"column":38}},"loc":{"start":{"line":4,"column":67},"end":{"line":15,"column":1}}}},"branchMap":{"0":{"loc":{"start":{"line":5,"column":2},"end":{"line":14,"column":3}},"type":"switch","locations":[{"start":{"line":6,"column":4},"end":{"line":7,"column":49}},{"start":{"line":8,"column":4},"end":{"line":10,"column":41}},{"start":{"line":12,"column":4},"end":{"line":13,"column":99}}]}},"s":{"0":1,"1":1,"2":1,"3":3,"4":1,"5":1,"6":1,"7":1,"8":1},"f":{"0":3},"b":{"0":[1,1,1]}}
,"C:\\Users\\ronal\\Desktop\\Nerdery-Ecommerce-Backend-Nestjs\\nerdery-ecommerce\\src\\common\\services\\id-validator\\id-validator.service.ts": {"path":"C:\\Users\\ronal\\Desktop\\Nerdery-Ecommerce-Backend-Nestjs\\nerdery-ecommerce\\src\\common\\services\\id-validator\\id-validator.service.ts","statementMap":{"0":{"start":{"line":1,"column":0},"end":{"line":1,"column":63}},"1":{"start":{"line":3,"column":0},"end":{"line":3,"column":58}},"2":{"start":{"line":6,"column":7},"end":{"line":49,"column":null}},"3":{"start":{"line":7,"column":31},"end":{"line":7,"column":39}},"4":{"start":{"line":14,"column":20},"end":{"line":20,"column":6}},"5":{"start":{"line":22,"column":4},"end":{"line":24,"column":5}},"6":{"start":{"line":23,"column":6},"end":{"line":23,"column":55}},"7":{"start":{"line":26,"column":4},"end":{"line":26,"column":19}},"8":{"start":{"line":34,"column":4},"end":{"line":47,"column":5}},"9":{"start":{"line":35,"column":31},"end":{"line":38,"column":8}},"10":{"start":{"line":40,"column":6},"end":{"line":42,"column":7}},"11":{"start":{"line":41,"column":8},"end":{"line":41,"column":67}},"12":{"start":{"line":43,"column":6},"end":{"line":43,"column":30}},"13":{"start":{"line":46,"column":6},"end":{"line":46,"column":65}},"14":{"start":{"line":6,"column":13},"end":{"line":6,"column":31}},"15":{"start":{"line":6,"column":13},"end":{"line":49,"column":null}}},"fnMap":{"0":{"name":"(anonymous_2)","decl":{"start":{"line":7,"column":2},"end":{"line":7,"column":31}},"loc":{"start":{"line":7,"column":52},"end":{"line":7,"column":56}}},"1":{"name":"(anonymous_3)","decl":{"start":{"line":9,"column":2},"end":{"line":9,"column":7}},"loc":{"start":{"line":12,"column":37},"end":{"line":27,"column":3}}},"2":{"name":"(anonymous_4)","decl":{"start":{"line":29,"column":2},"end":{"line":29,"column":7}},"loc":{"start":{"line":32,"column":35},"end":{"line":48,"column":3}}}},"branchMap":{"0":{"loc":{"start":{"line":11,"column":4},"end":{"line":11,"column":35}},"type":"default-arg","locations":[{"start":{"line":11,"column":31},"end":{"line":11,"column":35}}]},"1":{"loc":{"start":{"line":12,"column":4},"end":{"line":12,"column":37}},"type":"default-arg","locations":[{"start":{"line":12,"column":33},"end":{"line":12,"column":37}}]},"2":{"loc":{"start":{"line":22,"column":4},"end":{"line":24,"column":5}},"type":"if","locations":[{"start":{"line":22,"column":4},"end":{"line":24,"column":5}}]},"3":{"loc":{"start":{"line":31,"column":4},"end":{"line":31,"column":34}},"type":"default-arg","locations":[{"start":{"line":31,"column":30},"end":{"line":31,"column":34}}]},"4":{"loc":{"start":{"line":32,"column":4},"end":{"line":32,"column":35}},"type":"default-arg","locations":[{"start":{"line":32,"column":31},"end":{"line":32,"column":35}}]},"5":{"loc":{"start":{"line":40,"column":6},"end":{"line":42,"column":7}},"type":"if","locations":[{"start":{"line":40,"column":6},"end":{"line":42,"column":7}}]}},"s":{"0":6,"1":6,"2":6,"3":7,"4":3,"5":2,"6":1,"7":1,"8":3,"9":3,"10":2,"11":1,"12":1,"13":2,"14":6,"15":6},"f":{"0":7,"1":3,"2":3},"b":{"0":[3],"1":[3],"2":[1],"3":[3],"4":[3],"5":[1]}}
,"C:\\Users\\ronal\\Desktop\\Nerdery-Ecommerce-Backend-Nestjs\\nerdery-ecommerce\\src\\common\\services\\product-calculations\\product-calculated-fields.service.ts": {"path":"C:\\Users\\ronal\\Desktop\\Nerdery-Ecommerce-Backend-Nestjs\\nerdery-ecommerce\\src\\common\\services\\product-calculations\\product-calculated-fields.service.ts","statementMap":{"0":{"start":{"line":1,"column":0},"end":{"line":1,"column":52}},"1":{"start":{"line":6,"column":0},"end":{"line":6,"column":67}},"2":{"start":{"line":8,"column":0},"end":{"line":8,"column":58}},"3":{"start":{"line":11,"column":7},"end":{"line":132,"column":null}},"4":{"start":{"line":13,"column":31},"end":{"line":13,"column":39}},"5":{"start":{"line":12,"column":2},"end":{"line":12,"column":56}},"6":{"start":{"line":16,"column":46},"end":{"line":23,"column":6}},"7":{"start":{"line":25,"column":27},"end":{"line":43,"column":6}},"8":{"start":{"line":26,"column":40},"end":{"line":27,"column":null}},"9":{"start":{"line":27,"column":15},"end":{"line":27,"column":42}},"10":{"start":{"line":29,"column":21},"end":{"line":29,"column":74}},"11":{"start":{"line":29,"column":58},"end":{"line":29,"column":73}},"12":{"start":{"line":31,"column":23},"end":{"line":31,"column":66}},"13":{"start":{"line":32,"column":23},"end":{"line":32,"column":66}},"14":{"start":{"line":35,"column":29},"end":{"line":35,"column":51}},"15":{"start":{"line":36,"column":6},"end":{"line":36,"column":58}},"16":{"start":{"line":36,"column":20},"end":{"line":36,"column":58}},"17":{"start":{"line":37,"column":6},"end":{"line":37,"column":58}},"18":{"start":{"line":37,"column":20},"end":{"line":37,"column":58}},"19":{"start":{"line":39,"column":6},"end":{"line":42,"column":9}},"20":{"start":{"line":44,"column":4},"end":{"line":50,"column":5}},"21":{"start":{"line":45,"column":6},"end":{"line":45,"column":53}},"22":{"start":{"line":46,"column":6},"end":{"line":46,"column":18}},"23":{"start":{"line":48,"column":6},"end":{"line":48,"column":72}},"24":{"start":{"line":49,"column":6},"end":{"line":49,"column":19}},"25":{"start":{"line":54,"column":41},"end":{"line":61,"column":6}},"26":{"start":{"line":63,"column":27},"end":{"line":69,"column":6}},"27":{"start":{"line":64,"column":29},"end":{"line":64,"column":72}},"28":{"start":{"line":65,"column":6},"end":{"line":68,"column":9}},"29":{"start":{"line":70,"column":4},"end":{"line":70,"column":38}},"30":{"start":{"line":74,"column":36},"end":{"line":74,"column":41}},"31":{"start":{"line":75,"column":39},"end":{"line":75,"column":44}},"32":{"start":{"line":77,"column":21},"end":{"line":77,"column":41}},"33":{"start":{"line":79,"column":29},"end":{"line":79,"column":30}},"34":{"start":{"line":80,"column":4},"end":{"line":84,"column":5}},"35":{"start":{"line":81,"column":6},"end":{"line":81,"column":55}},"36":{"start":{"line":82,"column":11},"end":{"line":84,"column":5}},"37":{"start":{"line":83,"column":6},"end":{"line":83,"column":47}},"38":{"start":{"line":86,"column":4},"end":{"line":88,"column":5}},"39":{"start":{"line":87,"column":6},"end":{"line":87,"column":36}},"40":{"start":{"line":90,"column":4},"end":{"line":92,"column":5}},"41":{"start":{"line":91,"column":6},"end":{"line":91,"column":29}},"42":{"start":{"line":95,"column":33},"end":{"line":100,"column":6}},"43":{"start":{"line":102,"column":4},"end":{"line":104,"column":5}},"44":{"start":{"line":103,"column":6},"end":{"line":103,"column":76}},"45":{"start":{"line":106,"column":4},"end":{"line":106,"column":18}},"46":{"start":{"line":113,"column":25},"end":{"line":118,"column":6}},"47":{"start":{"line":120,"column":4},"end":{"line":130,"column":6}},"48":{"start":{"line":11,"column":13},"end":{"line":11,"column":43}},"49":{"start":{"line":11,"column":13},"end":{"line":132,"column":null}}},"fnMap":{"0":{"name":"(anonymous_2)","decl":{"start":{"line":13,"column":2},"end":{"line":13,"column":31}},"loc":{"start":{"line":13,"column":52},"end":{"line":13,"column":56}}},"1":{"name":"(anonymous_3)","decl":{"start":{"line":15,"column":2},"end":{"line":15,"column":7}},"loc":{"start":{"line":15,"column":59},"end":{"line":51,"column":3}}},"2":{"name":"(anonymous_4)","decl":{"start":{"line":25,"column":40},"end":{"line":25,"column":41}},"loc":{"start":{"line":25,"column":52},"end":{"line":43,"column":5}}},"3":{"name":"(anonymous_5)","decl":{"start":{"line":27,"column":8},"end":{"line":27,"column":9}},"loc":{"start":{"line":27,"column":15},"end":{"line":27,"column":42}}},"4":{"name":"(anonymous_6)","decl":{"start":{"line":29,"column":51},"end":{"line":29,"column":52}},"loc":{"start":{"line":29,"column":58},"end":{"line":29,"column":73}}},"5":{"name":"(anonymous_7)","decl":{"start":{"line":53,"column":2},"end":{"line":53,"column":7}},"loc":{"start":{"line":53,"column":57},"end":{"line":71,"column":3}}},"6":{"name":"(anonymous_8)","decl":{"start":{"line":63,"column":40},"end":{"line":63,"column":45}},"loc":{"start":{"line":63,"column":58},"end":{"line":69,"column":5}}},"7":{"name":"(anonymous_9)","decl":{"start":{"line":73,"column":2},"end":{"line":73,"column":23}},"loc":{"start":{"line":73,"column":48},"end":{"line":107,"column":3}}},"8":{"name":"(anonymous_10)","decl":{"start":{"line":109,"column":2},"end":{"line":109,"column":32}},"loc":{"start":{"line":111,"column":35},"end":{"line":131,"column":3}}}},"branchMap":{"0":{"loc":{"start":{"line":27,"column":15},"end":{"line":27,"column":42}},"type":"binary-expr","locations":[{"start":{"line":27,"column":15},"end":{"line":27,"column":26}},{"start":{"line":27,"column":30},"end":{"line":27,"column":42}}]},"1":{"loc":{"start":{"line":31,"column":23},"end":{"line":31,"column":66}},"type":"cond-expr","locations":[{"start":{"line":31,"column":43},"end":{"line":31,"column":62}},{"start":{"line":31,"column":65},"end":{"line":31,"column":66}}]},"2":{"loc":{"start":{"line":32,"column":23},"end":{"line":32,"column":66}},"type":"cond-expr","locations":[{"start":{"line":32,"column":43},"end":{"line":32,"column":62}},{"start":{"line":32,"column":65},"end":{"line":32,"column":66}}]},"3":{"loc":{"start":{"line":36,"column":6},"end":{"line":36,"column":58}},"type":"if","locations":[{"start":{"line":36,"column":6},"end":{"line":36,"column":58}}]},"4":{"loc":{"start":{"line":37,"column":6},"end":{"line":37,"column":58}},"type":"if","locations":[{"start":{"line":37,"column":6},"end":{"line":37,"column":58}}]},"5":{"loc":{"start":{"line":80,"column":4},"end":{"line":84,"column":5}},"type":"if","locations":[{"start":{"line":80,"column":4},"end":{"line":84,"column":5}},{"start":{"line":82,"column":11},"end":{"line":84,"column":5}}]},"6":{"loc":{"start":{"line":82,"column":11},"end":{"line":84,"column":5}},"type":"if","locations":[{"start":{"line":82,"column":11},"end":{"line":84,"column":5}}]},"7":{"loc":{"start":{"line":86,"column":4},"end":{"line":88,"column":5}},"type":"if","locations":[{"start":{"line":86,"column":4},"end":{"line":88,"column":5}}]},"8":{"loc":{"start":{"line":90,"column":4},"end":{"line":92,"column":5}},"type":"if","locations":[{"start":{"line":90,"column":4},"end":{"line":92,"column":5}}]},"9":{"loc":{"start":{"line":90,"column":8},"end":{"line":90,"column":46}},"type":"binary-expr","locations":[{"start":{"line":90,"column":8},"end":{"line":90,"column":30}},{"start":{"line":90,"column":34},"end":{"line":90,"column":46}}]},"10":{"loc":{"start":{"line":102,"column":4},"end":{"line":104,"column":5}},"type":"if","locations":[{"start":{"line":102,"column":4},"end":{"line":104,"column":5}}]}},"s":{"0":7,"1":7,"2":7,"3":7,"4":17,"5":17,"6":3,"7":3,"8":5,"9":10,"10":5,"11":9,"12":5,"13":5,"14":5,"15":5,"16":3,"17":5,"18":3,"19":5,"20":3,"21":3,"22":2,"23":1,"24":1,"25":2,"26":2,"27":3,"28":3,"29":2,"30":11,"31":11,"32":11,"33":11,"34":11,"35":8,"36":3,"37":3,"38":11,"39":3,"40":11,"41":1,"42":11,"43":11,"44":0,"45":11,"46":1,"47":1,"48":7,"49":7},"f":{"0":17,"1":3,"2":5,"3":10,"4":9,"5":2,"6":3,"7":11,"8":1},"b":{"0":[10,9],"1":[3,2],"2":[3,2],"3":[3],"4":[3],"5":[8,3],"6":[3],"7":[3],"8":[1],"9":[11,10],"10":[0]}}
,"C:\\Users\\ronal\\Desktop\\Nerdery-Ecommerce-Backend-Nestjs\\nerdery-ecommerce\\src\\common\\services\\stock-reservation-management\\stock-reservation-management.service.ts": {"path":"C:\\Users\\ronal\\Desktop\\Nerdery-Ecommerce-Backend-Nestjs\\nerdery-ecommerce\\src\\common\\services\\stock-reservation-management\\stock-reservation-management.service.ts","statementMap":{"0":{"start":{"line":1,"column":0},"end":{"line":1,"column":71}},"1":{"start":{"line":3,"column":0},"end":{"line":3,"column":52}},"2":{"start":{"line":4,"column":0},"end":{"line":4,"column":58}},"3":{"start":{"line":7,"column":7},"end":{"line":61,"column":null}},"4":{"start":{"line":11,"column":21},"end":{"line":11,"column":36}},"5":{"start":{"line":12,"column":21},"end":{"line":12,"column":34}},"6":{"start":{"line":8,"column":2},"end":{"line":8,"column":59}},"7":{"start":{"line":16,"column":4},"end":{"line":18,"column":5}},"8":{"start":{"line":17,"column":6},"end":{"line":17,"column":75}},"9":{"start":{"line":20,"column":38},"end":{"line":30,"column":null}},"10":{"start":{"line":21,"column":6},"end":{"line":30,"column":8}},"11":{"start":{"line":33,"column":4},"end":{"line":59,"column":5}},"12":{"start":{"line":34,"column":6},"end":{"line":34,"column":71}},"13":{"start":{"line":36,"column":32},"end":{"line":46,"column":8}},"14":{"start":{"line":39,"column":40},"end":{"line":39,"column":63}},"15":{"start":{"line":48,"column":6},"end":{"line":53,"column":7}},"16":{"start":{"line":49,"column":8},"end":{"line":52,"column":9}},"17":{"start":{"line":51,"column":10},"end":{"line":51,"column":71}},"18":{"start":{"line":55,"column":6},"end":{"line":55,"column":56}},"19":{"start":{"line":56,"column":6},"end":{"line":58,"column":8}},"20":{"start":{"line":7,"column":13},"end":{"line":7,"column":46}},"21":{"start":{"line":7,"column":13},"end":{"line":61,"column":null}}},"fnMap":{"0":{"name":"(anonymous_2)","decl":{"start":{"line":10,"column":2},"end":{"line":10,"column":null}},"loc":{"start":{"line":12,"column":45},"end":{"line":13,"column":6}}},"1":{"name":"(anonymous_3)","decl":{"start":{"line":15,"column":2},"end":{"line":15,"column":7}},"loc":{"start":{"line":15,"column":48},"end":{"line":60,"column":3}}},"2":{"name":"(anonymous_4)","decl":{"start":{"line":20,"column":52},"end":{"line":20,"column":53}},"loc":{"start":{"line":21,"column":6},"end":{"line":30,"column":8}}},"3":{"name":"(anonymous_5)","decl":{"start":{"line":39,"column":30},"end":{"line":39,"column":31}},"loc":{"start":{"line":39,"column":40},"end":{"line":39,"column":63}}}},"branchMap":{"0":{"loc":{"start":{"line":16,"column":4},"end":{"line":18,"column":5}},"type":"if","locations":[{"start":{"line":16,"column":4},"end":{"line":18,"column":5}}]},"1":{"loc":{"start":{"line":16,"column":8},"end":{"line":16,"column":44}},"type":"binary-expr","locations":[{"start":{"line":16,"column":8},"end":{"line":16,"column":18}},{"start":{"line":16,"column":22},"end":{"line":16,"column":44}}]},"2":{"loc":{"start":{"line":49,"column":8},"end":{"line":52,"column":9}},"type":"if","locations":[{"start":{"line":49,"column":8},"end":{"line":52,"column":9}}]},"3":{"loc":{"start":{"line":49,"column":12},"end":{"line":49,"column":63}},"type":"binary-expr","locations":[{"start":{"line":49,"column":12},"end":{"line":49,"column":36}},{"start":{"line":49,"column":40},"end":{"line":49,"column":63}}]}},"s":{"0":2,"1":2,"2":2,"3":2,"4":6,"5":6,"6":6,"7":5,"8":1,"9":4,"10":8,"11":4,"12":4,"13":3,"14":6,"15":3,"16":6,"17":2,"18":1,"19":1,"20":2,"21":2},"f":{"0":6,"1":5,"2":8,"3":6},"b":{"0":[1],"1":[5,5],"2":[2],"3":[6,2]}}
,"C:\\Users\\ronal\\Desktop\\Nerdery-Ecommerce-Backend-Nestjs\\nerdery-ecommerce\\src\\common\\testing-mocks\\helper-data.ts": {"path":"C:\\Users\\ronal\\Desktop\\Nerdery-Ecommerce-Backend-Nestjs\\nerdery-ecommerce\\src\\common\\testing-mocks\\helper-data.ts","statementMap":{"0":{"start":{"line":1,"column":0},"end":{"line":1,"column":77}},"1":{"start":{"line":4,"column":0},"end":{"line":4,"column":37}},"2":{"start":{"line":5,"column":0},"end":{"line":5,"column":59}},"3":{"start":{"line":6,"column":0},"end":{"line":6,"column":46}},"4":{"start":{"line":20,"column":13},"end":{"line":20,"column":65}},"5":{"start":{"line":21,"column":13},"end":{"line":21,"column":65}},"6":{"start":{"line":22,"column":13},"end":{"line":22,"column":65}},"7":{"start":{"line":23,"column":13},"end":{"line":23,"column":65}},"8":{"start":{"line":24,"column":13},"end":{"line":24,"column":65}},"9":{"start":{"line":25,"column":13},"end":{"line":25,"column":65}},"10":{"start":{"line":26,"column":13},"end":{"line":26,"column":65}},"11":{"start":{"line":27,"column":13},"end":{"line":27,"column":65}},"12":{"start":{"line":28,"column":13},"end":{"line":28,"column":65}},"13":{"start":{"line":30,"column":13},"end":{"line":34,"column":2}},"14":{"start":{"line":36,"column":13},"end":{"line":50,"column":2}},"15":{"start":{"line":52,"column":13},"end":{"line":66,"column":2}},"16":{"start":{"line":68,"column":13},"end":{"line":80,"column":2}},"17":{"start":{"line":81,"column":13},"end":{"line":93,"column":2}},"18":{"start":{"line":95,"column":13},"end":{"line":132,"column":2}},"19":{"start":{"line":134,"column":13},"end":{"line":178,"column":2}},"20":{"start":{"line":180,"column":13},"end":{"line":219,"column":2}},"21":{"start":{"line":221,"column":13},"end":{"line":234,"column":2}},"22":{"start":{"line":236,"column":13},"end":{"line":243,"column":2}},"23":{"start":{"line":245,"column":13},"end":{"line":253,"column":2}}},"fnMap":{},"branchMap":{},"s":{"0":15,"1":15,"2":15,"3":15,"4":15,"5":15,"6":15,"7":15,"8":15,"9":15,"10":15,"11":15,"12":15,"13":15,"14":15,"15":15,"16":15,"17":15,"18":15,"19":15,"20":15,"21":15,"22":15,"23":15},"f":{},"b":{}}
,"C:\\Users\\ronal\\Desktop\\Nerdery-Ecommerce-Backend-Nestjs\\nerdery-ecommerce\\src\\images\\images.service.ts": {"path":"C:\\Users\\ronal\\Desktop\\Nerdery-Ecommerce-Backend-Nestjs\\nerdery-ecommerce\\src\\images\\images.service.ts","statementMap":{"0":{"start":{"line":1,"column":0},"end":{"line":1,"column":74}},"1":{"start":{"line":2,"column":0},"end":{"line":2,"column":91}},"2":{"start":{"line":3,"column":0},"end":{"line":3,"column":58}},"3":{"start":{"line":5,"column":0},"end":{"line":5,"column":71}},"4":{"start":{"line":8,"column":7},"end":{"line":37,"column":null}},"5":{"start":{"line":10,"column":21},"end":{"line":10,"column":36}},"6":{"start":{"line":11,"column":21},"end":{"line":11,"column":40}},"7":{"start":{"line":12,"column":21},"end":{"line":12,"column":41}},"8":{"start":{"line":16,"column":26},"end":{"line":19,"column":null}},"9":{"start":{"line":22,"column":4},"end":{"line":24,"column":5}},"10":{"start":{"line":23,"column":6},"end":{"line":23,"column":70}},"11":{"start":{"line":26,"column":19},"end":{"line":26,"column":64}},"12":{"start":{"line":28,"column":18},"end":{"line":33,"column":6}},"13":{"start":{"line":35,"column":4},"end":{"line":35,"column":17}},"14":{"start":{"line":8,"column":13},"end":{"line":8,"column":26}},"15":{"start":{"line":8,"column":13},"end":{"line":37,"column":null}}},"fnMap":{"0":{"name":"(anonymous_2)","decl":{"start":{"line":9,"column":2},"end":{"line":9,"column":null}},"loc":{"start":{"line":12,"column":59},"end":{"line":13,"column":6}}},"1":{"name":"(anonymous_3)","decl":{"start":{"line":15,"column":2},"end":{"line":15,"column":7}},"loc":{"start":{"line":15,"column":72},"end":{"line":36,"column":3}}}},"branchMap":{"0":{"loc":{"start":{"line":22,"column":4},"end":{"line":24,"column":5}},"type":"if","locations":[{"start":{"line":22,"column":4},"end":{"line":24,"column":5}}]}},"s":{"0":1,"1":1,"2":1,"3":1,"4":1,"5":6,"6":6,"7":6,"8":5,"9":4,"10":1,"11":3,"12":2,"13":1,"14":1,"15":1},"f":{"0":6,"1":5},"b":{"0":[1]}}
,"C:\\Users\\ronal\\Desktop\\Nerdery-Ecommerce-Backend-Nestjs\\nerdery-ecommerce\\src\\mail\\mail.service.ts": {"path":"C:\\Users\\ronal\\Desktop\\Nerdery-Ecommerce-Backend-Nestjs\\nerdery-ecommerce\\src\\mail\\mail.service.ts","statementMap":{"0":{"start":{"line":1,"column":0},"end":{"line":1,"column":52}},"1":{"start":{"line":2,"column":0},"end":{"line":2,"column":55}},"2":{"start":{"line":4,"column":0},"end":{"line":4,"column":58}},"3":{"start":{"line":7,"column":7},"end":{"line":157,"column":null}},"4":{"start":{"line":11,"column":12},"end":{"line":11,"column":27}},"5":{"start":{"line":12,"column":21},"end":{"line":12,"column":36}},"6":{"start":{"line":8,"column":2},"end":{"line":8,"column":37}},"7":{"start":{"line":49,"column":4},"end":{"line":58,"column":7}},"8":{"start":{"line":62,"column":4},"end":{"line":69,"column":7}},"9":{"start":{"line":70,"column":4},"end":{"line":70,"column":57}},"10":{"start":{"line":74,"column":4},"end":{"line":80,"column":10}},"11":{"start":{"line":75,"column":6},"end":{"line":79,"column":7}},"12":{"start":{"line":76,"column":8},"end":{"line":76,"column":52}},"13":{"start":{"line":78,"column":8},"end":{"line":78,"column":90}},"14":{"start":{"line":85,"column":18},"end":{"line":92,"column":6}},"15":{"start":{"line":95,"column":23},"end":{"line":106,"column":6}},"16":{"start":{"line":109,"column":27},"end":{"line":109,"column":80}},"17":{"start":{"line":109,"column":57},"end":{"line":109,"column":79}},"18":{"start":{"line":111,"column":27},"end":{"line":111,"column":31}},"19":{"start":{"line":112,"column":4},"end":{"line":117,"column":5}},"20":{"start":{"line":113,"column":6},"end":{"line":116,"column":7}},"21":{"start":{"line":114,"column":8},"end":{"line":114,"column":39}},"22":{"start":{"line":115,"column":8},"end":{"line":115,"column":14}},"23":{"start":{"line":119,"column":4},"end":{"line":121,"column":5}},"24":{"start":{"line":120,"column":6},"end":{"line":120,"column":13}},"25":{"start":{"line":123,"column":28},"end":{"line":127,"column":6}},"26":{"start":{"line":129,"column":40},"end":{"line":137,"column":6}},"27":{"start":{"line":139,"column":25},"end":{"line":142,"column":6}},"28":{"start":{"line":144,"column":4},"end":{"line":149,"column":7}},"29":{"start":{"line":151,"column":4},"end":{"line":151,"column":63}},"30":{"start":{"line":152,"column":4},"end":{"line":152,"column":81}},"31":{"start":{"line":153,"column":4},"end":{"line":153,"column":77}},"32":{"start":{"line":154,"column":4},"end":{"line":154,"column":79}},"33":{"start":{"line":155,"column":4},"end":{"line":155,"column":85}},"34":{"start":{"line":7,"column":13},"end":{"line":7,"column":24}},"35":{"start":{"line":7,"column":13},"end":{"line":157,"column":null}}},"fnMap":{"0":{"name":"(anonymous_2)","decl":{"start":{"line":10,"column":2},"end":{"line":10,"column":null}},"loc":{"start":{"line":12,"column":49},"end":{"line":13,"column":6}}},"1":{"name":"(anonymous_3)","decl":{"start":{"line":48,"column":2},"end":{"line":48,"column":7}},"loc":{"start":{"line":48,"column":79},"end":{"line":59,"column":3}}},"2":{"name":"(anonymous_4)","decl":{"start":{"line":61,"column":2},"end":{"line":61,"column":7}},"loc":{"start":{"line":61,"column":50},"end":{"line":71,"column":3}}},"3":{"name":"(anonymous_5)","decl":{"start":{"line":73,"column":2},"end":{"line":73,"column":7}},"loc":{"start":{"line":73,"column":68},"end":{"line":81,"column":3}}},"4":{"name":"(anonymous_6)","decl":{"start":{"line":74,"column":15},"end":{"line":74,"column":20}},"loc":{"start":{"line":74,"column":26},"end":{"line":80,"column":5}}},"5":{"name":"(anonymous_7)","decl":{"start":{"line":83,"column":2},"end":{"line":83,"column":7}},"loc":{"start":{"line":83,"column":57},"end":{"line":156,"column":3}}},"6":{"name":"(anonymous_8)","decl":{"start":{"line":109,"column":42},"end":{"line":109,"column":43}},"loc":{"start":{"line":109,"column":57},"end":{"line":109,"column":79}}}},"branchMap":{"0":{"loc":{"start":{"line":113,"column":6},"end":{"line":116,"column":7}},"type":"if","locations":[{"start":{"line":113,"column":6},"end":{"line":116,"column":7}}]},"1":{"loc":{"start":{"line":119,"column":4},"end":{"line":121,"column":5}},"type":"if","locations":[{"start":{"line":119,"column":4},"end":{"line":121,"column":5}}]}},"s":{"0":4,"1":4,"2":4,"3":4,"4":10,"5":10,"6":10,"7":2,"8":2,"9":1,"10":1,"11":1,"12":1,"13":1,"14":3,"15":3,"16":3,"17":18,"18":3,"19":3,"20":2,"21":2,"22":2,"23":3,"24":1,"25":2,"26":2,"27":2,"28":2,"29":1,"30":1,"31":1,"32":1,"33":1,"34":4,"35":4},"f":{"0":10,"1":2,"2":2,"3":1,"4":1,"5":3,"6":18},"b":{"0":[2],"1":[1]}}
,"C:\\Users\\ronal\\Desktop\\Nerdery-Ecommerce-Backend-Nestjs\\nerdery-ecommerce\\src\\orders\\orders.service.ts": {"path":"C:\\Users\\ronal\\Desktop\\Nerdery-Ecommerce-Backend-Nestjs\\nerdery-ecommerce\\src\\orders\\orders.service.ts","statementMap":{"0":{"start":{"line":1,"column":0},"end":{"line":1,"column":63}},"1":{"start":{"line":2,"column":0},"end":{"line":2,"column":47}},"2":{"start":{"line":3,"column":0},"end":{"line":3,"column":74}},"3":{"start":{"line":4,"column":0},"end":{"line":4,"column":52}},"4":{"start":{"line":5,"column":0},"end":{"line":5,"column":81}},"5":{"start":{"line":6,"column":0},"end":{"line":6,"column":58}},"6":{"start":{"line":7,"column":0},"end":{"line":7,"column":58}},"7":{"start":{"line":9,"column":0},"end":{"line":9,"column":139}},"8":{"start":{"line":14,"column":7},"end":{"line":160,"column":null}},"9":{"start":{"line":16,"column":21},"end":{"line":16,"column":29}},"10":{"start":{"line":17,"column":21},"end":{"line":17,"column":34}},"11":{"start":{"line":18,"column":21},"end":{"line":18,"column":56}},"12":{"start":{"line":19,"column":21},"end":{"line":19,"column":36}},"13":{"start":{"line":20,"column":21},"end":{"line":20,"column":36}},"14":{"start":{"line":24,"column":18},"end":{"line":28,"column":6}},"15":{"start":{"line":30,"column":4},"end":{"line":32,"column":5}},"16":{"start":{"line":31,"column":6},"end":{"line":31,"column":64}},"17":{"start":{"line":35,"column":6},"end":{"line":36,"column":48}},"18":{"start":{"line":37,"column":4},"end":{"line":40,"column":6}},"19":{"start":{"line":44,"column":17},"end":{"line":44,"column":54}},"20":{"start":{"line":45,"column":4},"end":{"line":49,"column":5}},"21":{"start":{"line":46,"column":6},"end":{"line":48,"column":8}},"22":{"start":{"line":51,"column":4},"end":{"line":51,"column":74}},"23":{"start":{"line":53,"column":18},"end":{"line":77,"column":6}},"24":{"start":{"line":66,"column":48},"end":{"line":73,"column":14}},"25":{"start":{"line":79,"column":25},"end":{"line":81,"column":null}},"26":{"start":{"line":84,"column":4},"end":{"line":94,"column":7}},"27":{"start":{"line":96,"column":4},"end":{"line":99,"column":6}},"28":{"start":{"line":98,"column":31},"end":{"line":98,"column":54}},"29":{"start":{"line":102,"column":6},"end":{"line":103,"column":32}},"30":{"start":{"line":105,"column":4},"end":{"line":109,"column":6}},"31":{"start":{"line":113,"column":4},"end":{"line":132,"column":7}},"32":{"start":{"line":136,"column":27},"end":{"line":136,"column":71}},"33":{"start":{"line":138,"column":4},"end":{"line":142,"column":5}},"34":{"start":{"line":139,"column":6},"end":{"line":141,"column":8}},"35":{"start":{"line":144,"column":20},"end":{"line":148,"column":6}},"36":{"start":{"line":151,"column":6},"end":{"line":152,"column":26}},"37":{"start":{"line":154,"column":4},"end":{"line":158,"column":6}},"38":{"start":{"line":14,"column":13},"end":{"line":14,"column":26}},"39":{"start":{"line":14,"column":13},"end":{"line":160,"column":null}}},"fnMap":{"0":{"name":"(anonymous_2)","decl":{"start":{"line":15,"column":2},"end":{"line":15,"column":null}},"loc":{"start":{"line":20,"column":49},"end":{"line":21,"column":6}}},"1":{"name":"(anonymous_3)","decl":{"start":{"line":23,"column":2},"end":{"line":23,"column":7}},"loc":{"start":{"line":23,"column":48},"end":{"line":41,"column":3}}},"2":{"name":"(anonymous_4)","decl":{"start":{"line":43,"column":2},"end":{"line":43,"column":7}},"loc":{"start":{"line":43,"column":34},"end":{"line":110,"column":3}}},"3":{"name":"(anonymous_5)","decl":{"start":{"line":66,"column":33},"end":{"line":66,"column":34}},"loc":{"start":{"line":66,"column":48},"end":{"line":73,"column":14}}},"4":{"name":"(anonymous_6)","decl":{"start":{"line":98,"column":21},"end":{"line":98,"column":22}},"loc":{"start":{"line":98,"column":31},"end":{"line":98,"column":54}}},"5":{"name":"(anonymous_7)","decl":{"start":{"line":112,"column":2},"end":{"line":112,"column":7}},"loc":{"start":{"line":112,"column":58},"end":{"line":133,"column":3}}},"6":{"name":"(anonymous_8)","decl":{"start":{"line":135,"column":2},"end":{"line":135,"column":7}},"loc":{"start":{"line":135,"column":36},"end":{"line":159,"column":3}}}},"branchMap":{"0":{"loc":{"start":{"line":30,"column":4},"end":{"line":32,"column":5}},"type":"if","locations":[{"start":{"line":30,"column":4},"end":{"line":32,"column":5}}]},"1":{"loc":{"start":{"line":35,"column":6},"end":{"line":36,"column":48}},"type":"binary-expr","locations":[{"start":{"line":35,"column":6},"end":{"line":35,"column":55}},{"start":{"line":36,"column":6},"end":{"line":36,"column":48}}]},"2":{"loc":{"start":{"line":45,"column":4},"end":{"line":49,"column":5}},"type":"if","locations":[{"start":{"line":45,"column":4},"end":{"line":49,"column":5}}]},"3":{"loc":{"start":{"line":112,"column":34},"end":{"line":112,"column":58}},"type":"default-arg","locations":[{"start":{"line":112,"column":53},"end":{"line":112,"column":58}}]},"4":{"loc":{"start":{"line":138,"column":4},"end":{"line":142,"column":5}},"type":"if","locations":[{"start":{"line":138,"column":4},"end":{"line":142,"column":5}}]}},"s":{"0":1,"1":1,"2":1,"3":1,"4":1,"5":1,"6":1,"7":1,"8":1,"9":16,"10":16,"11":16,"12":16,"13":16,"14":3,"15":3,"16":1,"17":2,"18":2,"19":5,"20":5,"21":1,"22":4,"23":3,"24":6,"25":2,"26":1,"27":1,"28":2,"29":1,"30":1,"31":3,"32":3,"33":2,"34":1,"35":1,"36":1,"37":1,"38":1,"39":1},"f":{"0":16,"1":3,"2":5,"3":6,"4":2,"5":3,"6":3},"b":{"0":[1],"1":[2,2],"2":[1],"3":[0],"4":[1]}}
,"C:\\Users\\ronal\\Desktop\\Nerdery-Ecommerce-Backend-Nestjs\\nerdery-ecommerce\\src\\prisma\\prisma.service.ts": {"path":"C:\\Users\\ronal\\Desktop\\Nerdery-Ecommerce-Backend-Nestjs\\nerdery-ecommerce\\src\\prisma\\prisma.service.ts","statementMap":{"0":{"start":{"line":1,"column":0},"end":{"line":1,"column":83}},"1":{"start":{"line":2,"column":0},"end":{"line":2,"column":46}},"2":{"start":{"line":5,"column":26},"end":{"line":38,"column":null}},"3":{"start":{"line":10,"column":4},"end":{"line":13,"column":7}},"4":{"start":{"line":6,"column":19},"end":{"line":6,"column":37}},"5":{"start":{"line":7,"column":19},"end":{"line":7,"column":59}},"6":{"start":{"line":17,"column":4},"end":{"line":17,"column":34}},"7":{"start":{"line":21,"column":4},"end":{"line":21,"column":29}},"8":{"start":{"line":25,"column":4},"end":{"line":36,"column":5}},"9":{"start":{"line":26,"column":6},"end":{"line":26,"column":28}},"10":{"start":{"line":28,"column":6},"end":{"line":28,"column":65}},"11":{"start":{"line":31,"column":6},"end":{"line":31,"column":84}},"12":{"start":{"line":33,"column":6},"end":{"line":33,"column":75}},"13":{"start":{"line":33,"column":37},"end":{"line":33,"column":73}},"14":{"start":{"line":35,"column":6},"end":{"line":35,"column":48}},"15":{"start":{"line":5,"column":13},"end":{"line":5,"column":26}},"16":{"start":{"line":5,"column":13},"end":{"line":38,"column":null}}},"fnMap":{"0":{"name":"(anonymous_2)","decl":{"start":{"line":9,"column":2},"end":{"line":9,"column":null}},"loc":{"start":{"line":9,"column":2},"end":{"line":14,"column":3}}},"1":{"name":"(anonymous_3)","decl":{"start":{"line":16,"column":2},"end":{"line":16,"column":7}},"loc":{"start":{"line":16,"column":20},"end":{"line":18,"column":3}}},"2":{"name":"(anonymous_4)","decl":{"start":{"line":20,"column":2},"end":{"line":20,"column":7}},"loc":{"start":{"line":20,"column":23},"end":{"line":22,"column":3}}},"3":{"name":"(anonymous_5)","decl":{"start":{"line":24,"column":2},"end":{"line":24,"column":7}},"loc":{"start":{"line":24,"column":36},"end":{"line":37,"column":3}}},"4":{"name":"(anonymous_6)","decl":{"start":{"line":33,"column":24},"end":{"line":33,"column":25}},"loc":{"start":{"line":33,"column":37},"end":{"line":33,"column":73}}}},"branchMap":{"0":{"loc":{"start":{"line":24,"column":25},"end":{"line":24,"column":36}},"type":"default-arg","locations":[{"start":{"line":24,"column":35},"end":{"line":24,"column":36}}]}},"s":{"0":18,"1":18,"2":18,"3":4,"4":4,"5":4,"6":0,"7":0,"8":3,"9":3,"10":1,"11":2,"12":2,"13":2,"14":2,"1
[...]
,"column":3}}},"4":{"name":"(anonymous_6)","decl":{"start":{"line":60,"column":2},"end":{"line":60,"column":7}},"loc":{"start":{"line":60,"column":49},"end":{"line":94,"column":3}}},"5":{"name":"(anonymous_7)","decl":{"start":{"line":96,"column":2},"end":{"line":96,"column":7}},"loc":{"start":{"line":96,"column":54},"end":{"line":112,"column":3}}},"6":{"name":"(anonymous_8)","decl":{"start":{"line":114,"column":2},"end":{"line":114,"column":7}},"loc":{"start":{"line":114,"column":25},"end":{"line":130,"column":3}}},"7":{"name":"(anonymous_9)","decl":{"start":{"line":132,"column":2},"end":{"line":132,"column":18}},"loc":{"start":{"line":140,"column":3},"end":{"line":163,"column":3}}}},"branchMap":{"0":{"loc":{"start":{"line":69,"column":13},"end":{"line":69,"column":55}},"type":"binary-expr","locations":[{"start":{"line":69,"column":13},"end":{"line":69,"column":24}},{"start":{"line":69,"column":28},"end":{"line":69,"column":55}}]},"1":{"loc":{"start":{"line":70,"column":12},"end":{"line":70,"column":60}},"type":"binary-expr","locations":[{"start":{"line":70,"column":12},"end":{"line":70,"column":30}},{"start":{"line":70,"column":34},"end":{"line":70,"column":60}}]},"2":{"loc":{"start":{"line":71,"column":16},"end":{"line":71,"column":64}},"type":"binary-expr","locations":[{"start":{"line":71,"column":16},"end":{"line":71,"column":30}},{"start":{"line":71,"column":34},"end":{"line":71,"column":64}}]},"3":{"loc":{"start":{"line":76,"column":4},"end":{"line":78,"column":5}},"type":"if","locations":[{"start":{"line":76,"column":4},"end":{"line":78,"column":5}}]},"4":{"loc":{"start":{"line":141,"column":4},"end":{"line":143,"column":5}},"type":"if","locations":[{"start":{"line":141,"column":4},"end":{"line":143,"column":5}}]},"5":{"loc":{"start":{"line":144,"column":4},"end":{"line":146,"column":5}},"type":"if","locations":[{"start":{"line":144,"column":4},"end":{"line":146,"column":5}}]},"6":{"loc":{"start":{"line":148,"column":4},"end":{"line":152,"column":5}},"type":"if","locations":[{"start":{"line":148,"column":4},"end":{"line":152,"column":5}}]},"7":{"loc":{"start":{"line":148,"column":8},"end":{"line":148,"column":47}},"type":"binary-expr","locations":[{"start":{"line":148,"column":8},"end":{"line":148,"column":30}},{"start":{"line":148,"column":34},"end":{"line":148,"column":47}}]},"8":{"loc":{"start":{"line":154,"column":4},"end":{"line":156,"column":5}},"type":"if","locations":[{"start":{"line":154,"column":4},"end":{"line":156,"column":5}}]},"9":{"loc":{"start":{"line":154,"column":8},"end":{"line":154,"column":58}},"type":"binary-expr","locations":[{"start":{"line":154,"column":8},"end":{"line":154,"column":40}},{"start":{"line":154,"column":44},"end":{"line":154,"column":58}}]},"10":{"loc":{"start":{"line":158,"column":4},"end":{"line":160,"column":5}},"type":"if","locations":[{"start":{"line":158,"column":4},"end":{"line":160,"column":5}}]},"11":{"loc":{"start":{"line":158,"column":8},"end":{"line":158,"column":56}},"type":"binary-expr","locations":[{"start":{"line":158,"column":8},"end":{"line":158,"column":35}},{"start":{"line":158,"column":39},"end":{"line":158,"column":56}}]}},"s":{"0":1,"1":1,"2":1,"3":1,"4":1,"5":1,"6":32,"7":32,"8":32,"9":3,"10":3,"11":3,"12":3,"13":3,"14":2,"15":2,"16":2,"17":1,"18":1,"19":6,"20":5,"21":4,"22":2,"23":2,"24":2,"25":2,"26":1,"27":1,"28":4,"29":3,"30":2,"31":2,"32":3,"33":2,"34":1,"35":1,"36":19,"37":3,"38":16,"39":2,"40":14,"41":6,"42":8,"43":1,"44":7,"45":2,"46":5,"47":1,"48":1},"f":{"0":32,"1":3,"2":3,"3":3,"4":6,"5":4,"6":3,"7":19},"b":{"0":[4,0],"1":[4,0],"2":[4,0],"3":[2],"4":[3],"5":[2],"6":[6],"7":[14,12],"8":[1],"9":[8,5],"10":[2],"11":[7,3]}}
,"C:\\Users\\ronal\\Desktop\\Nerdery-Ecommerce-Backend-Nestjs\\nerdery-ecommerce\\src\\products\\products.service.ts": {"path":"C:\\Users\\ronal\\Desktop\\Nerdery-Ecommerce-Backend-Nestjs\\nerdery-ecommerce\\src\\products\\products.service.ts","statementMap":{"0":{"start":{"line":1,"column":0},"end":{"line":1,"column":93}},"1":{"start":{"line":2,"column":0},"end":{"line":2,"column":54}},"2":{"start":{"line":5,"column":0},"end":{"line":5,"column":91}},"3":{"start":{"line":6,"column":0},"end":{"line":6,"column":124}},"4":{"start":{"line":7,"column":0},"end":{"line":7,"column":58}},"5":{"start":{"line":9,"column":0},"end":{"line":9,"column":71}},"6":{"start":{"line":12,"column":0},"end":{"line":12,"column":88}},"7":{"start":{"line":18,"column":7},"end":{"line":221,"column":null}},"8":{"start":{"line":20,"column":21},"end":{"line":20,"column":29}},"9":{"start":{"line":21,"column":21},"end":{"line":21,"column":40}},"10":{"start":{"line":22,"column":21},"end":{"line":22,"column":53}},"11":{"start":{"line":23,"column":21},"end":{"line":23,"column":41}},"12":{"start":{"line":32,"column":17},"end":{"line":32,"column":38}},"13":{"start":{"line":33,"column":18},"end":{"line":33,"column":41}},"14":{"start":{"line":35,"column":18},"end":{"line":35,"column":55}},"15":{"start":{"line":36,"column":4},"end":{"line":39,"column":5}},"16":{"start":{"line":37,"column":6},"end":{"line":37,"column":29}},"17":{"start":{"line":38,"column":6},"end":{"line":38,"column":29}},"18":{"start":{"line":41,"column":4},"end":{"line":67,"column":5}},"19":{"start":{"line":42,"column":6},"end":{"line":46,"column":7}},"20":{"start":{"line":43,"column":8},"end":{"line":45,"column":9}},"21":{"start":{"line":44,"column":10},"end":{"line":44,"column":43}},"22":{"start":{"line":47,"column":6},"end":{"line":54,"column":7}},"23":{"start":{"line":48,"column":8},"end":{"line":48,"column":54}},"24":{"start":{"line":50,"column":8},"end":{"line":53,"column":9}},"25":{"start":{"line":52,"column":10},"end":{"line":52,"column":40}},"26":{"start":{"line":55,"column":6},"end":{"line":57,"column":7}},"27":{"start":{"line":56,"column":8},"end":{"line":56,"column":54}},"28":{"start":{"line":58,"column":6},"end":{"line":60,"column":7}},"29":{"start":{"line":59,"column":8},"end":{"line":59,"column":49}},"30":{"start":{"line":61,"column":6},"end":{"line":66,"column":7}},"31":{"start":{"line":62,"column":8},"end":{"line":65,"column":10}},"32":{"start":{"line":69,"column":18},"end":{"line":69,"column":20}},"33":{"start":{"line":70,"column":4},"end":{"line":80,"column":5}},"34":{"start":{"line":71,"column":6},"end":{"line":79,"column":7}},"35":{"start":{"line":72,"column":8},"end":{"line":74,"column":10}},"36":{"start":{"line":76,"column":8},"end":{"line":78,"column":10}},"37":{"start":{"line":82,"column":23},"end":{"line":82,"column":65}},"38":{"start":{"line":83,"column":23},"end":{"line":83,"column":52}},"39":{"start":{"line":84,"column":33},"end":{"line":89,"column":6}},"40":{"start":{"line":91,"column":21},"end":{"line":102,"column":6}},"41":{"start":{"line":104,"column":4},"end":{"line":112,"column":5}},"42":{"start":{"line":105,"column":6},"end":{"line":111,"column":9}},"43":{"start":{"line":106,"column":42},"end":{"line":107,"column":null}},"44":{"start":{"line":107,"column":17},"end":{"line":107,"column":44}},"45":{"start":{"line":109,"column":8},"end":{"line":109,"column":62}},"46":{"start":{"line":110,"column":8},"end":{"line":110,"column":23}},"47":{"start":{"line":114,"column":4},"end":{"line":117,"column":6}},"48":{"start":{"line":121,"column":4},"end":{"line":121,"column":65}},"49":{"start":{"line":125,"column":4},"end":{"line":131,"column":7}},"50":{"start":{"line":135,"column":4},"end":{"line":141,"column":7}},"51":{"start":{"line":145,"column":36},"end":{"line":145,"column":41}},"52":{"start":{"line":147,"column":4},"end":{"line":149,"column":5}},"53":{"start":{"line":148,"column":6},"end":{"line":148,"column":69}},"54":{"start":{"line":151,"column":4},"end":{"line":153,"column":5}},"55":{"start":{"line":152,"column":6},"end":{"line":152,"column":61}},"56":{"start":{"line":155,"column":4},"end":{"line":165,"column":7}},"57":{"start":{"line":169,"column":36},"end":{"line":169,"column":41}},"58":{"start":{"line":171,"column":4},"end":{"line":175,"column":5}},"59":{"start":{"line":172,"column":6},"end":{"line":174,"column":7}},"60":{"start":{"line":173,"column":8},"end":{"line":173,"column":63}},"61":{"start":{"line":177,"column":17},"end":{"line":177,"column":86}},"62":{"start":{"line":178,"column":29},"end":{"line":178,"column":58}},"63":{"start":{"line":180,"column":4},"end":{"line":191,"column":7}},"64":{"start":{"line":195,"column":4},"end":{"line":195,"column":78}},"65":{"start":{"line":197,"column":4},"end":{"line":200,"column":7}},"66":{"start":{"line":201,"column":4},"end":{"line":204,"column":7}},"67":{"start":{"line":208,"column":4},"end":{"line":208,"column":78}},"68":{"start":{"line":210,"column":4},"end":{"line":213,"column":7}},"69":{"start":{"line":214,"column":4},"end":{"line":214,"column":83}},"70":{"start":{"line":215,"column":4},"end":{"line":219,"column":7}},"71":{"start":{"line":18,"column":13},"end":{"line":18,"column":28}},"72":{"start":{"line":18,"column":13},"end":{"line":221,"column":null}}},"fnMap":{"0":{"name":"(anonymous_2)","decl":{"start":{"line":19,"column":2},"end":{"line":19,"column":null}},"loc":{"start":{"line":23,"column":59},"end":{"line":24,"column":6}}},"1":{"name":"(anonymous_3)","decl":{"start":{"line":26,"column":2},"end":{"line":26,"column":7}},"loc":{"start":{"line":30,"column":39},"end":{"line":118,"column":3}}},"2":{"name":"(anonymous_4)","decl":{"start":{"line":105,"column":34},"end":{"line":105,"column":35}},"loc":{"start":{"line":105,"column":46},"end":{"line":111,"column":7}}},"3":{"name":"(anonymous_5)","decl":{"start":{"line":107,"column":10},"end":{"line":107,"column":11}},"loc":{"start":{"line":107,"column":17},"end":{"line":107,"column":44}}},"4":{"name":"(anonymous_6)","decl":{"start":{"line":120,"column":2},"end":{"line":120,"column":7}},"loc":{"start":{"line":120,"column":26},"end":{"line":122,"column":3}}},"5":{"name":"(anonymous_7)","decl":{"start":{"line":124,"column":2},"end":{"line":124,"column":7}},"loc":{"start":{"line":124,"column":31},"end":{"line":132,"column":3}}},"6":{"name":"(anonymous_8)","decl":{"start":{"line":134,"column":2},"end":{"line":134,"column":7}},"loc":{"start":{"line":134,"column":47},"end":{"line":142,"column":3}}},"7":{"name":"(anonymous_9)","decl":{"start":{"line":144,"column":2},"end":{"line":144,"column":7}},"loc":{"start":{"line":144,"column":40},"end":{"line":166,"column":3}}},"8":{"name":"(anonymous_10)","decl":{"start":{"line":168,"column":2},"end":{"line":168,"column":7}},"loc":{"start":{"line":168,"column":40},"end":{"line":192,"column":3}}},"9":{"name":"(anonymous_11)","decl":{"start":{"line":194,"column":2},"end":{"line":194,"column":7}},"loc":{"start":{"line":194,"column":25},"end":{"line":205,"column":3}}},"10":{"name":"(anonymous_12)","decl":{"start":{"line":207,"column":2},"end":{"line":207,"column":7}},"loc":{"start":{"line":207,"column":54},"end":{"line":220,"column":3}}}},"branchMap":{"0":{"loc":{"start":{"line":30,"column":4},"end":{"line":30,"column":39}},"type":"default-arg","locations":[{"start":{"line":30,"column":34},"end":{"line":30,"column":39}}]},"1":{"loc":{"start":{"line":32,"column":17},"end":{"line":32,"column":38}},"type":"binary-expr","locations":[{"start":{"line":32,"column":17},"end":{"line":32,"column":33}},{"start":{"line":32,"column":37},"end":{"line":32,"column":38}}]},"2":{"loc":{"start":{"line":33,"column":18},"end":{"line":33,"column":41}},"type":"binary-expr","locations":[{"start":{"line":33,"column":18},"end":{"line":33,"column":35}},{"start":{"line":33,"column":39},"end":{"line":33,"column":41}}]},"3":{"loc":{"start":{"line":36,"column":4},"end":{"line":39,"column":5}},"type":"if","locations":[{"start":{"line":36,"column":4},"end":{"line":39,"column":5}}]},"4":{"loc":{"start":{"line":41,"column":4},"end":{"line":67,"column":5}},"type":"if","locations":[{"start":{"line":41,"column":4},"end":{"line":67,"column":5}}]},"5":{"loc":{"start":{"line":42,"column":6},"end":{"line":46,"column":7}},"type":"if","locations":[{"start":{"line":42,"column":6},"end":{"line":46,"column":7}}]},"6":{"loc":{"start":{"line":43,"column":8},"end":{"line":45,"column":9}},"type":"if","locations":[{"start":{"line":43,"column":8},"end":{"line":45,"column":9}}]},"7":{"loc":{"start":{"line":47,"column":6},"end":{"line":54,"column":7}},"type":"if","locations":[{"start":{"line":47,"column":6},"end":{"line":54,"column":7}},{"start":{"line":49,"column":13},"end":{"line":54,"column":7}}]},"8":{"loc":{"start":{"line":50,"column":8},"end":{"line":53,"column":9}},"type":"if","locations":[{"start":{"line":50,"column":8},"end":{"line":53,"column":9}}]},"9":{"loc":{"start":{"line":55,"column":6},"end":{"line":57,"column":7}},"type":"if","locations":[{"start":{"line":55,"column":6},"end":{"line":57,"column":7}}]},"10":{"loc":{"start":{"line":58,"column":6},"end":{"line":60,"column":7}},"type":"if","locations":[{"start":{"line":58,"column":6},"end":{"line":60,"column":7}}]},"11":{"loc":{"start":{"line":61,"column":6},"end":{"line":66,"column":7}},"type":"if","locations":[{"start":{"line":61,"column":6},"end":{"line":66,"column":7}}]},"12":{"loc":{"start":{"line":70,"column":4},"end":{"line":80,"column":5}},"type":"if","locations":[{"start":{"line":70,"column":4},"end":{"line":80,"column":5}}]},"13":{"loc":{"start":{"line":71,"column":6},"end":{"line":79,"column":7}},"type":"if","locations":[{"start":{"line":71,"column":6},"end":{"line":79,"column":7}},{"start":{"line":75,"column":11},"end":{"line":79,"column":7}}]},"14":{"loc":{"start":{"line":104,"column":4},"end":{"line":112,"column":5}},"type":"if","locations":[{"start":{"line":104,"column":4},"end":{"line":112,"column":5}}]},"15":{"loc":{"start":{"line":107,"column":17},"end":{"line":107,"column":44}},"type":"binary-expr","locations":[{"start":{"line":107,"column":17},"end":{"line":107,"column":28}},{"start":{"line":107,"column":32},"end":{"line":107,"column":44}}]},"16":{"loc":{"start":{"line":147,"column":4},"end":{"line":149,"column":5}},"type":"if","locations":[{"start":{"line":147,"column":4},"end":{"line":149,"column":5}}]},"17":{"loc":{"start":{"line":151,"column":4},"end":{"line":153,"column":5}},"type":"if","locations":[{"start":{"line":151,"column":4},"end":{"line":153,"column":5}}]},"18":{"loc":{"start":{"line":171,"column":4},"end":{"line":175,"column":5}},"type":"if","locations":[{"start":{"line":171,"column":4},"end":{"line":175,"column":5}}]},"19":{"loc":{"start":{"line":172,"column":6},"end":{"line":174,"column":7}},"type":"if","locations":[{"start":{"line":172,"column":6},"end":{"line":174,"column":7}}]},"20":{"loc":{"start":{"line":178,"column":29},"end":{"line":178,"column":58}},"type":"binary-expr","locations":[{"start":{"line":178,"column":29},"end":{"line":178,"column":39}},{"start":{"line":178,"column":43},"end":{"line":178,"column":58}}]}},"s":{"0":1,"1":1,"2":1,"3":1,"4":1,"5":1,"6":1,"7":1,"8":22,"9":22,"10":22,"11":22,"12":3,"13":3,"14":3,"15":3,"16":1,"17":1,"18":3,"19":1,"20":1,"21":1,"22":1,"23":1,"24":0,"25":0,"26":1,"27":1,"28":1,"29":1,"30":1,"31":1,"32":3,"33":3,"34":1,"35":1,"36":0,"37":3,"38":3,"39":3,"40":3,"41":3,"42":2,"43":3,"44":3,"45":3,"46":3,"47":3,"48":3,"49":2,"50":2,"51":3,"52":3,"53":1,"54":2,"55":1,"56":1,"57":3,"58":3,"59":2,"60":1,"61":2,"62":2,"63":2,"64":2,"65":1,"66":1,"67":3,"68":2,"69":2,"70":2,"71":1,"72":1},"f":{"0":22,"1":3,"2":3,"3":3,"4":3,"5":2,"6":2,"7":3,"8":3,"9":2,"10":3},"b":{"0":[2],"1":[3,2],"2":[3,2],"3":[1],"4":[1],"5":[1],"6":[1],"7":[1,0],"8":[0],"9":[1],"10":[1],"11":[1],"12":[1],"13":[1,0],"14":[2],"15":[3,3],"16":[1],"17":[1],"18":[2],"19":[1],"20":[2,1]}}
,"C:\\Users\\ronal\\Desktop\\Nerdery-Ecommerce-Backend-Nestjs\\nerdery-ecommerce\\src\\stripe\\stripe.service.ts": {"path":"C:\\Users\\ronal\\Desktop\\Nerdery-Ecommerce-Backend-Nestjs\\nerdery-ecommerce\\src\\stripe\\stripe.service.ts","statementMap":{"0":{"start":{"line":1,"column":0},"end":{"line":1,"column":null}},"1":{"start":{"line":8,"column":0},"end":{"line":8,"column":47}},"2":{"start":{"line":9,"column":0},"end":{"line":9,"column":74}},"3":{"start":{"line":10,"column":0},"end":{"line":10,"column":79}},"4":{"start":{"line":11,"column":0},"end":{"line":11,"column":58}},"5":{"start":{"line":12,"column":0},"end":{"line":12,"column":28}},"6":{"start":{"line":15,"column":26},"end":{"line":119,"column":null}},"7":{"start":{"line":20,"column":21},"end":{"line":20,"column":36}},"8":{"start":{"line":21,"column":21},"end":{"line":21,"column":36}},"9":{"start":{"line":17,"column":19},"end":{"line":17,"column":59}},"10":{"start":{"line":23,"column":4},"end":{"line":28,"column":6}},"11":{"start":{"line":32,"column":4},"end":{"line":46,"column":5}},"12":{"start":{"line":33,"column":30},"end":{"line":40,"column":8}},"13":{"start":{"line":41,"column":6},"end":{"line":41,"column":78}},"14":{"start":{"line":42,"column":6},"end":{"line":42,"column":29}},"15":{"start":{"line":45,"column":6},"end":{"line":45,"column":91}},"16":{"start":{"line":50,"column":4},"end":{"line":84,"column":5}},"17":{"start":{"line":51,"column":24},"end":{"line":51,"column":55}},"18":{"start":{"line":52,"column":22},"end":{"line":52,"column":33}},"19":{"start":{"line":53,"column":20},"end":{"line":56,"column":null}},"20":{"start":{"line":59,"column":28},"end":{"line":59,"column":69}},"21":{"start":{"line":60,"column":6},"end":{"line":60,"column":77}},"22":{"start":{"line":62,"column":6},"end":{"line":80,"column":7}},"23":{"start":{"line":64,"column":10},"end":{"line":64,"column":70}},"24":{"start":{"line":65,"column":10},"end":{"line":68,"column":12}},"25":{"start":{"line":70,"column":10},"end":{"line":70,"column":16}},"26":{"start":{"line":72,"column":10},"end":{"line":72,"column":67}},"27":{"start":{"line":73,"column":10},"end":{"line":76,"column":12}},"28":{"start":{"line":77,"column":10},"end":{"line":77,"column":16}},"29":{"start":{"line":79,"column":10},"end":{"line":79,"column":64}},"30":{"start":{"line":82,"column":6},"end":{"line":82,"column":57}},"31":{"start":{"line":83,"column":6},"end":{"line":83,"column":64}},"32":{"start":{"line":91,"column":4},"end":{"line":102,"column":5}},"33":{"start":{"line":92,"column":6},"end":{"line":99,"column":9}},"34":{"start":{"line":101,"column":6},"end":{"line":101,"column":64}},"35":{"start":{"line":106,"column":4},"end":{"line":117,"column":5}},"36":{"start":{"line":107,"column":6},"end":{"line":114,"column":9}},"37":{"start":{"line":116,"column":6},"end":{"line":116,"column":62}},"38":{"start":{"line":15,"column":13},"end":{"line":15,"column":26}},"39":{"start":{"line":15,"column":13},"end":{"line":119,"column":null}}},"fnMap":{"0":{"name":"(anonymous_3)","decl":{"start":{"line":19,"column":2},"end":{"line":19,"column":null}},"loc":{"start":{"line":21,"column":49},"end":{"line":29,"column":3}}},"1":{"name":"(anonymous_4)","decl":{"start":{"line":31,"column":2},"end":{"line":31,"column":7}},"loc":{"start":{"line":31,"column":59},"end":{"line":47,"column":3}}},"2":{"name":"(anonymous_5)","decl":{"start":{"line":49,"column":2},"end":{"line":49,"column":7}},"loc":{"start":{"line":49,"column":50},"end":{"line":85,"column":3}}},"3":{"name":"(anonymous_6)","decl":{"start":{"line":87,"column":10},"end":{"line":87,"column":15}},"loc":{"start":{"line":89,"column":49},"end":{"line":103,"column":3}}},"4":{"name":"(anonymous_7)","decl":{"start":{"line":105,"column":10},"end":{"line":105,"column":15}},"loc":{"start":{"line":105,"column":74},"end":{"line":118,"column":3}}}},"branchMap":{"0":{"loc":{"start":{"line":62,"column":6},"end":{"line":80,"column":7}},"type":"switch","locations":[{"start":{"line":63,"column":8},"end":{"line":70,"column":16}},{"start":{"line":71,"column":8},"end":{"line":77,"column":16}},{"start":{"line":78,"column":8},"end":{"line":79,"column":64}}]}},"s":{"0":2,"1":2,"2":2,"3":2,"4":2,"5":2,"6":2,"7":6,"8":6,"9":6,"10":6,"11":2,"12":2,"13":1,"14":1,"15":1,"16":3,"17":3,"18":3,"19":3,"20":2,"21":2,"22":2,"23":1,"24":1,"25":1,"26":1,"27":1,"28":1,"29":0,"30":1,"31":1,"32":2,"33":2,"34":0,"35":2,"36":2,"37":0,"38":2,"39":2},"f":{"0":6,"1":2,"2":3,"3":2,"4":2},"b":{"0":[1,1,0]}}
}
