TN:
SF:src\app.service.ts
FN:5,(anonymous_1)
FNF:1
FNH:1
FNDA:1,(anonymous_1)
DA:1,2
DA:4,2
DA:6,1
LF:3
LH:3
BRF:0
BRH:0
end_of_record
TN:
SF:src\common\constants.ts
FNF:0
FNH:0
DA:1,15
DA:2,15
DA:4,15
DA:9,15
LF:4
LH:4
BRF:0
BRH:0
end_of_record
TN:
SF:src\common\helpers\context-request.ts
FN:4,(anonymous_0)
FNF:1
FNH:1
FNDA:3,(anonymous_0)
DA:1,1
DA:2,1
DA:4,1
DA:5,3
DA:7,1
DA:9,1
DA:10,1
DA:13,1
LF:8
LH:8
BRDA:5,0,0,1
BRDA:5,0,1,1
BRDA:5,0,2,1
BRF:3
BRH:3
end_of_record
TN:
SF:src\common\helpers\utils.ts
FN:1,(anonymous_0)
FNF:1
FNH:1
FNDA:11,(anonymous_0)
DA:1,2
DA:2,11
DA:5,11
LF:3
LH:3
BRF:0
BRH:0
end_of_record
TN:
SF:src\common\modules\cloudinary\cloudinary.service.ts
FN:9,(anonymous_10)
FN:11,(anonymous_11)
FN:14,(anonymous_12)
FNF:3
FNH:3
FNDA:2,(anonymous_10)
FNDA:2,(anonymous_11)
FNDA:2,(anonymous_12)
DA:1,2
DA:2,2
DA:3,2
DA:8,2
DA:10,2
DA:11,2
DA:12,2
DA:15,2
DA:16,1
DA:20,2
DA:23,0
LF:11
LH:10
BRDA:15,0,0,1
BRF:1
BRH:1
end_of_record
TN:
SF:src\common\modules\config-env\config.interface.ts
FNF:0
FNH:0
DA:1,6
DA:14,6
LF:2
LH:2
BRF:0
BRH:0
end_of_record
TN:
SF:src\common\modules\mail\mail.service.ts
FN:10,(anonymous_2)
FN:48,(anonymous_3)
FN:61,(anonymous_4)
FN:73,(anonymous_5)
FN:74,(anonymous_6)
FN:83,(anonymous_7)
FN:109,(anonymous_8)
FNF:7
FNH:7
FNDA:10,(anonymous_2)
FNDA:2,(anonymous_3)
FNDA:2,(anonymous_4)
FNDA:1,(anonymous_5)
FNDA:1,(anonymous_6)
FNDA:3,(anonymous_7)
FNDA:18,(anonymous_8)
DA:1,4
DA:2,4
DA:4,4
DA:7,4
DA:8,10
DA:11,10
DA:12,10
DA:49,2
DA:62,2
DA:70,1
DA:74,1
DA:75,1
DA:76,1
DA:78,1
DA:85,3
DA:95,3
DA:109,18
DA:111,3
DA:112,3
DA:113,2
DA:114,2
DA:115,2
DA:119,3
DA:120,1
DA:123,2
DA:129,2
DA:139,2
DA:144,2
DA:151,1
DA:152,1
DA:153,1
DA:154,1
DA:155,1
LF:33
LH:33
BRDA:113,0,0,2
BRDA:119,1,0,1
BRF:2
BRH:2
end_of_record
TN:
SF:src\common\modules\prisma\prisma.service.ts
FN:9,(anonymous_2)
FN:16,(anonymous_3)
FN:20,(anonymous_4)
FN:24,(anonymous_5)
FN:33,(anonymous_6)
FNF:5
FNH:3
FNDA:4,(anonymous_2)
FNDA:0,(anonymous_3)
FNDA:0,(anonymous_4)
FNDA:3,(anonymous_5)
FNDA:2,(anonymous_6)
DA:1,18
DA:2,18
DA:5,18
DA:6,4
DA:7,4
DA:10,4
DA:17,0
DA:21,0
DA:25,3
DA:26,3
DA:28,1
DA:31,2
DA:33,2
DA:35,2
LF:14
LH:12
BRDA:24,0,0,1
BRF:1
BRH:1
end_of_record
TN:
SF:src\common\modules\rate-limit\guards\throttle-context.guard.ts
FN:12,(anonymous_1)
FNF:1
FNH:1
FNDA:5,(anonymous_1)
DA:1,1
DA:7,1
DA:8,1
DA:11,1
DA:13,5
DA:15,1
DA:16,1
DA:22,3
DA:23,3
DA:24,3
DA:25,3
DA:26,1
DA:28,2
DA:29,1
DA:31,1
DA:34,1
LF:16
LH:16
BRDA:13,0,0,1
BRDA:13,0,1,3
BRDA:13,0,2,1
BRDA:23,1,0,3
BRDA:23,1,1,1
BRDA:24,2,0,3
BRDA:24,2,1,1
BRDA:25,3,0,1
BRDA:28,4,0,1
BRF:9
BRH:9
end_of_record
TN:
SF:src\common\services\id-validator\id-validator.service.ts
FN:7,(anonymous_2)
FN:9,(anonymous_3)
FN:29,(anonymous_4)
FNF:3
FNH:3
FNDA:7,(anonymous_2)
FNDA:3,(anonymous_3)
FNDA:3,(anonymous_4)
DA:1,6
DA:3,6
DA:6,6
DA:7,7
DA:14,3
DA:22,2
DA:23,1
DA:26,1
DA:34,3
DA:35,3
DA:40,2
DA:41,1
DA:43,1
DA:46,2
LF:14
LH:14
BRDA:11,0,0,3
BRDA:12,1,0,3
BRDA:22,2,0,1
BRDA:31,3,0,3
BRDA:32,4,0,3
BRDA:40,5,0,1
BRF:6
BRH:6
end_of_record
TN:
SF:src\common\services\product-calculations\product-calculated-fields.service.ts
FN:13,(anonymous_2)
FN:15,(anonymous_3)
FN:25,(anonymous_4)
FN:27,(anonymous_5)
FN:29,(anonymous_6)
FN:53,(anonymous_7)
FN:63,(anonymous_8)
FN:73,(anonymous_9)
FN:109,(anonymous_10)
FNF:9
FNH:9
FNDA:17,(anonymous_2)
FNDA:3,(anonymous_3)
FNDA:5,(anonymous_4)
FNDA:10,(anonymous_5)
FNDA:9,(anonymous_6)
FNDA:2,(anonymous_7)
FNDA:3,(anonymous_8)
FNDA:11,(anonymous_9)
FNDA:1,(anonymous_10)
DA:1,7
DA:5,7
DA:6,7
DA:11,7
DA:12,17
DA:13,17
DA:16,3
DA:25,3
DA:26,5
DA:27,10
DA:29,9
DA:31,5
DA:32,5
DA:35,5
DA:36,5
DA:37,5
DA:39,5
DA:44,3
DA:45,3
DA:46,2
DA:48,1
DA:49,1
DA:54,2
DA:63,2
DA:64,3
DA:65,3
DA:70,2
DA:74,11
DA:75,11
DA:77,11
DA:79,11
DA:80,11
DA:81,8
DA:82,3
DA:83,3
DA:86,11
DA:87,3
DA:90,11
DA:91,1
DA:95,11
DA:102,11
DA:103,0
DA:106,11
DA:113,1
DA:120,1
LF:45
LH:44
BRDA:27,0,0,10
BRDA:27,0,1,9
BRDA:31,1,0,3
BRDA:31,1,1,2
BRDA:32,2,0,3
BRDA:32,2,1,2
BRDA:36,3,0,3
BRDA:37,4,0,3
BRDA:80,5,0,8
BRDA:80,5,1,3
BRDA:82,6,0,3
BRDA:86,7,0,3
BRDA:90,8,0,1
BRDA:90,9,0,11
BRDA:90,9,1,10
BRDA:102,10,0,0
BRF:16
BRH:15
end_of_record
TN:
SF:src\common\services\stock-reservation-management\stock-reservation-management.service.ts
FN:10,(anonymous_2)
FN:15,(anonymous_3)
FN:20,(anonymous_4)
FN:39,(anonymous_5)
FNF:4
FNH:4
FNDA:6,(anonymous_2)
FNDA:5,(anonymous_3)
FNDA:8,(anonymous_4)
FNDA:6,(anonymous_5)
DA:1,2
DA:2,2
DA:3,2
DA:7,2
DA:8,6
DA:11,6
DA:12,6
DA:16,5
DA:17,1
DA:20,4
DA:21,8
DA:33,4
DA:34,4
DA:36,3
DA:39,6
DA:48,3
DA:49,6
DA:51,2
DA:55,1
DA:56,1
LF:20
LH:20
BRDA:16,0,0,1
BRDA:16,1,0,5
BRDA:16,1,1,5
BRDA:49,2,0,2
BRDA:49,3,0,6
BRDA:49,3,1,2
BRF:6
BRH:6
end_of_record
TN:
SF:src\common\testing-mocks\helper-data.ts
FNF:0
FNH:0
DA:1,15
DA:4,15
DA:5,15
DA:6,15
DA:20,15
DA:21,15
DA:22,15
DA:23,15
DA:24,15
DA:25,15
DA:26,15
DA:27,15
DA:28,15
DA:30,15
DA:36,15
DA:52,15
DA:68,15
DA:81,15
DA:95,15
DA:134,15
DA:180,15
DA:221,15
DA:236,15
DA:245,15
LF:24
LH:24
BRF:0
BRH:0
end_of_record
TN:
SF:src\modules\auth\auth.service.ts
FN:29,(anonymous_3)
FN:39,(anonymous_4)
FN:58,(anonymous_5)
FN:100,(anonymous_6)
FN:114,(anonymous_7)
FN:149,(anonymous_8)
FN:175,(anonymous_9)
FNF:7
FNH:7
FNDA:17,(anonymous_3)
FNDA:3,(anonymous_4)
FNDA:2,(anonymous_5)
FNDA:1,(anonymous_6)
FNDA:4,(anonymous_7)
FNDA:2,(anonymous_8)
FNDA:4,(anonymous_9)
DA:1,1
DA:3,1
DA:9,1
DA:10,1
DA:11,1
DA:12,1
DA:14,1
DA:15,1
DA:16,1
DA:23,1
DA:24,1
DA:25,1
DA:28,1
DA:30,17
DA:31,17
DA:32,17
DA:33,17
DA:34,17
DA:35,17
DA:36,17
DA:40,3
DA:41,3
DA:42,1
DA:45,2
DA:49,2
DA:50,1
DA:53,1
DA:55,1
DA:59,2
DA:60,2
DA:61,1
DA:64,1
DA:66,1
DA:76,1
DA:79,1
DA:94,1
DA:101,1
DA:103,1
DA:104,1
DA:105,1
DA:106,1
DA:110,0
DA:116,4
DA:117,4
DA:119,1
DA:120,1
DA:123,3
DA:125,3
DA:126,1
DA:130,2
DA:132,1
DA:135,1
DA:137,1
DA:140,1
DA:150,2
DA:151,2
DA:152,1
DA:155,1
DA:163,1
DA:166,1
DA:167,1
DA:169,1
DA:176,4
DA:182,4
DA:183,1
DA:186,3
DA:187,1
DA:190,2
DA:191,1
DA:194,1
DA:196,1
DA:205,1
DA:214,1
DA:216,1
DA:218,1
DA:220,1
LF:76
LH:75
BRDA:41,0,0,1
BRDA:49,1,0,1
BRDA:60,2,0,1
BRDA:105,3,0,1
BRDA:123,4,0,3
BRDA:123,4,1,0
BRDA:125,5,0,1
BRDA:151,6,0,1
BRDA:182,7,0,1
BRDA:186,8,0,1
BRDA:190,9,0,1
BRF:11
BRH:10
end_of_record
TN:
SF:src\modules\auth\decoratos\roles.decorator.ts
FNF:0
FNH:0
DA:1,1
DA:3,1
DA:4,1
LF:3
LH:3
BRF:0
BRH:0
end_of_record
TN:
SF:src\modules\auth\guards\access-token-with-roles.guard.ts
FN:17,(anonymous_2)
FN:21,(anonymous_3)
FN:31,(anonymous_4)
FN:46,(anonymous_5)
FNF:4
FNH:4
FNDA:7,(anonymous_2)
FNDA:2,(anonymous_3)
FNDA:4,(anonymous_4)
FNDA:2,(anonymous_5)
DA:1,1
DA:7,1
DA:8,1
DA:10,1
DA:13,1
DA:16,1
DA:17,7
DA:18,7
DA:23,2
DA:24,2
DA:25,1
DA:27,1
DA:28,1
DA:33,4
DA:35,4
DA:36,1
DA:39,3
DA:41,3
DA:42,3
DA:43,1
DA:46,2
DA:47,1
DA:51,1
LF:23
LH:23
BRDA:24,0,0,1
BRDA:35,1,0,1
BRDA:42,2,0,1
BRDA:46,3,0,1
BRF:4
BRH:4
end_of_record
TN:
SF:src\modules\auth\guards\access-token.guard.ts
FN:7,(anonymous_1)
FNF:1
FNH:1
FNDA:2,(anonymous_1)
DA:1,2
DA:2,2
DA:3,2
DA:6,2
DA:8,2
LF:5
LH:5
BRF:0
BRH:0
end_of_record
TN:
SF:src\modules\auth\services\password\password.service.ts
FN:8,(anonymous_2)
FN:10,(anonymous_3)
FN:20,(anonymous_4)
FN:24,(anonymous_5)
FNF:4
FNH:4
FNDA:10,(anonymous_2)
FNDA:7,(anonymous_3)
FNDA:1,(anonymous_4)
FNDA:2,(anonymous_5)
DA:1,2
DA:2,2
DA:3,2
DA:4,2
DA:7,2
DA:8,10
DA:11,7
DA:13,7
DA:14,2
DA:16,5
DA:17,5
DA:21,1
DA:25,2
LF:13
LH:13
BRDA:13,0,0,2
BRDA:17,1,0,4
BRDA:17,1,1,1
BRF:3
BRH:3
end_of_record
TN:
SF:src\modules\auth\services\redis\redis.service.ts
FN:16,(anonymous_3)
FN:22,(anonymous_4)
FN:30,(anonymous_5)
FN:39,(anonymous_6)
FN:47,(anonymous_7)
FN:51,(anonymous_8)
FN:55,(anonymous_9)
FN:59,(anonymous_10)
FNF:8
FNH:7
FNDA:28,(anonymous_3)
FNDA:0,(anonymous_4)
FNDA:11,(anonymous_5)
FNDA:2,(anonymous_6)
FNDA:1,(anonymous_7)
FNDA:1,(anonymous_8)
FNDA:1,(anonymous_9)
FNDA:11,(anonymous_10)
DA:1,3
DA:7,3
DA:8,3
DA:9,3
DA:12,3
DA:14,28
DA:16,28
DA:17,28
DA:18,28
DA:23,0
DA:24,0
DA:25,0
DA:31,11
DA:32,10
DA:36,1
DA:40,2
DA:41,1
DA:43,1
DA:48,1
DA:52,1
DA:56,1
DA:60,11
DA:61,3
DA:64,8
DA:65,8
DA:66,5
DA:71,3
DA:72,3
DA:73,2
DA:75,3
LF:30
LH:27
BRDA:31,0,0,10
BRDA:31,1,0,11
BRDA:31,1,1,5
BRDA:31,1,2,3
BRDA:31,1,3,3
BRDA:39,2,0,0
BRDA:40,3,0,1
BRDA:40,3,1,1
BRDA:60,4,0,3
BRDA:60,5,0,11
BRDA:60,5,1,8
BRDA:65,6,0,5
BRDA:72,7,0,2
BRDA:72,8,0,3
BRDA:72,8,1,3
BRDA:75,9,0,3
BRDA:75,9,1,0
BRF:17
BRH:15
end_of_record
TN:
SF:src\modules\auth\services\token\token.service.ts
FN:16,(anonymous_3)
FN:23,(anonymous_4)
FN:75,(anonymous_5)
FN:83,(anonymous_6)
FN:89,(anonymous_7)
FN:96,(anonymous_8)
FN:105,(anonymous_9)
FN:116,(anonymous_10)
FN:124,(anonymous_11)
FNF:9
FNH:9
FNDA:17,(anonymous_3)
FNDA:2,(anonymous_4)
FNDA:2,(anonymous_5)
FNDA:4,(anonymous_6)
FNDA:1,(anonymous_7)
FNDA:2,(anonymous_8)
FNDA:2,(anonymous_9)
FNDA:2,(anonymous_10)
FNDA:11,(anonymous_11)
DA:1,2
DA:2,2
DA:3,2
DA:4,2
DA:5,2
DA:6,2
DA:7,2
DA:10,2
DA:12,2
DA:15,2
DA:17,17
DA:18,17
DA:19,17
DA:20,17
DA:30,2
DA:31,1
DA:34,1
DA:36,1
DA:45,1
DA:50,1
DA:52,1
DA:53,1
DA:55,1
DA:63,1
DA:76,2
DA:77,2
DA:78,2
DA:80,2
DA:84,4
DA:85,1
DA:86,1
DA:90,1
DA:91,1
DA:97,2
DA:100,2
DA:101,1
DA:103,1
DA:106,2
DA:107,2
DA:108,1
DA:113,1
DA:117,2
DA:118,1
DA:121,1
DA:125,11
DA:126,5
LF:46
LH:46
BRDA:100,0,0,1
BRDA:125,1,0,5
BRF:2
BRH:2
end_of_record
TN:
SF:src\modules\auth\services\users\users.service.ts
FN:7,(anonymous_2)
FN:9,(anonymous_3)
FN:17,(anonymous_4)
FN:25,(anonymous_5)
FN:30,(anonymous_6)
FNF:5
FNH:5
FNDA:7,(anonymous_2)
FNDA:2,(anonymous_3)
FNDA:2,(anonymous_4)
FNDA:2,(anonymous_5)
FNDA:2,(anonymous_6)
DA:1,2
DA:3,2
DA:6,2
DA:7,7
DA:10,2
DA:18,2
DA:26,2
DA:30,2
DA:31,2
LF:9
LH:9
BRF:0
BRH:0
end_of_record
TN:
SF:src\modules\cart\cart.service.ts
FN:9,(anonymous_2)
FN:14,(anonymous_3)
FN:33,(anonymous_4)
FN:50,(anonymous_5)
FN:73,(anonymous_6)
FNF:5
FNH:5
FNDA:8,(anonymous_2)
FNDA:4,(anonymous_3)
FNDA:6,(anonymous_4)
FNDA:2,(anonymous_5)
FNDA:3,(anonymous_6)
DA:1,2
DA:2,2
DA:3,2
DA:8,2
DA:10,8
DA:11,8
DA:15,4
DA:32,3
DA:34,6
DA:43,3
DA:50,3
DA:51,2
DA:55,2
DA:57,2
DA:58,2
DA:59,2
DA:60,2
DA:62,2
DA:65,3
DA:74,3
DA:83,2
LF:21
LH:21
BRDA:34,0,0,6
BRDA:34,0,1,5
BRDA:34,0,2,4
BRDA:34,0,3,3
BRDA:34,0,4,3
BRF:5
BRH:5
end_of_record
TN:
SF:src\modules\cart-items\cart-items.service.ts
FN:11,(anonymous_2)
FN:17,(anonymous_3)
FN:63,(anonymous_4)
FNF:3
FNH:3
FNDA:7,(anonymous_2)
FNDA:4,(anonymous_3)
FNDA:2,(anonymous_4)
DA:1,1
DA:3,1
DA:4,1
DA:5,1
DA:10,1
DA:12,7
DA:13,7
DA:14,7
DA:18,4
DA:25,4
DA:31,1
DA:34,3
DA:35,1
DA:40,2
DA:57,2
DA:64,2
DA:65,2
DA:75,1
DA:78,1
LF:19
LH:19
BRDA:25,0,0,1
BRDA:26,1,0,4
BRDA:26,1,1,3
BRDA:26,1,2,3
BRDA:26,1,3,3
BRDA:34,2,0,1
BRF:6
BRH:6
end_of_record
TN:
SF:src\modules\categories\categories.service.ts
FN:6,(anonymous_2)
FN:8,(anonymous_3)
FN:26,(anonymous_4)
FN:36,(anonymous_5)
FNF:4
FNH:4
FNDA:9,(anonymous_2)
FNDA:3,(anonymous_3)
FNDA:3,(anonymous_4)
FNDA:2,(anonymous_5)
DA:1,2
DA:2,2
DA:5,2
DA:6,9
DA:9,3
DA:10,1
DA:15,2
DA:27,3
DA:37,2
LF:9
LH:9
BRDA:9,0,0,1
BRF:1
BRH:1
end_of_record
TN:
SF:src\modules\images\images.service.ts
FN:9,(anonymous_2)
FN:15,(anonymous_3)
FNF:2
FNH:2
FNDA:6,(anonymous_2)
FNDA:5,(anonymous_3)
DA:1,1
DA:2,1
DA:3,1
DA:5,1
DA:8,1
DA:10,6
DA:11,6
DA:12,6
DA:16,5
DA:22,4
DA:23,1
DA:26,3
DA:28,2
DA:35,1
LF:14
LH:14
BRDA:22,0,0,1
BRF:1
BRH:1
end_of_record
TN:
SF:src\modules\orders\orders.service.ts
FN:16,(anonymous_2)
FN:24,(anonymous_3)
FN:44,(anonymous_4)
FN:67,(anonymous_5)
FN:99,(anonymous_6)
FN:113,(anonymous_7)
FN:136,(anonymous_8)
FNF:7
FNH:7
FNDA:16,(anonymous_2)
FNDA:3,(anonymous_3)
FNDA:5,(anonymous_4)
FNDA:6,(anonymous_5)
FNDA:2,(anonymous_6)
FNDA:3,(anonymous_7)
FNDA:3,(anonymous_8)
DA:1,1
DA:2,1
DA:3,1
DA:4,1
DA:5,1
DA:6,1
DA:8,1
DA:9,1
DA:15,1
DA:17,16
DA:18,16
DA:19,16
DA:20,16
DA:21,16
DA:25,3
DA:31,3
DA:32,1
DA:36,2
DA:38,2
DA:45,5
DA:46,5
DA:47,1
DA:52,4
DA:54,3
DA:67,6
DA:80,2
DA:85,1
DA:97,1
DA:99,2
DA:103,1
DA:106,1
DA:114,3
DA:137,3
DA:139,2
DA:140,1
DA:145,1
DA:152,1
DA:155,1
LF:38
LH:38
BRDA:31,0,0,1
BRDA:36,1,0,2
BRDA:36,1,1,2
BRDA:46,2,0,1
BRDA:113,3,0,0
BRDA:139,4,0,1
BRF:6
BRH:5
end_of_record
TN:
SF:src\modules\product-likes\product-likes.service.ts
FN:8,(anonymous_2)
FN:13,(anonymous_3)
FN:34,(anonymous_4)
FNF:3
FNH:3
FNDA:7,(anonymous_2)
FNDA:3,(anonymous_3)
FNDA:3,(anonymous_4)
DA:1,1
DA:2,1
DA:3,1
DA:4,1
DA:7,1
DA:9,7
DA:10,7
DA:11,7
DA:14,3
DA:31,2
DA:32,2
DA:35,3
DA:36,3
DA:44,1
DA:51,3
LF:15
LH:15
BRF:0
BRH:0
end_of_record
TN:
SF:src\modules\product-variation-images\product-variation-images.service.ts
FNF:0
FNH:0
DA:1,1
DA:4,1
LF:2
LH:2
BRF:0
BRH:0
end_of_record
TN:
SF:src\modules\product-variations\product-variations.service.ts
FN:12,(anonymous_2)
FN:18,(anonymous_3)
FN:27,(anonymous_4)
FN:35,(anonymous_5)
FN:60,(anonymous_6)
FN:101,(anonymous_7)
FN:119,(anonymous_8)
FN:137,(anonymous_9)
FNF:8
FNH:8
FNDA:32,(anonymous_2)
FNDA:3,(anonymous_3)
FNDA:3,(anonymous_4)
FNDA:3,(anonymous_5)
FNDA:6,(anonymous_6)
FNDA:4,(anonymous_7)
FNDA:3,(anonymous_8)
FNDA:19,(anonymous_9)
DA:1,1
DA:2,1
DA:3,1
DA:4,1
DA:5,1
DA:11,1
DA:13,32
DA:14,32
DA:15,32
DA:19,3
DA:21,3
DA:28,3
DA:29,3
DA:36,3
DA:37,2
DA:39,2
DA:44,2
DA:54,1
DA:55,1
DA:61,6
DA:67,5
DA:68,5
DA:71,4
DA:77,2
DA:79,2
DA:80,2
DA:83,2
DA:93,1
DA:96,1
DA:102,4
DA:108,3
DA:113,2
DA:116,2
DA:120,3
DA:126,2
DA:131,1
DA:134,1
DA:146,19
DA:147,3
DA:149,16
DA:150,2
DA:153,14
DA:154,6
DA:159,8
DA:160,1
DA:163,7
DA:164,2
DA:167,5
LF:48
LH:48
BRDA:67,0,0,5
BRDA:72,1,0,4
BRDA:72,1,1,0
BRDA:73,2,0,4
BRDA:73,2,1,0
BRDA:74,3,0,4
BRDA:74,3,1,0
BRDA:79,4,0,2
BRDA:88,5,0,2
BRDA:88,5,1,0
BRDA:94,6,0,1
BRDA:94,6,1,0
BRDA:146,7,0,3
BRDA:149,8,0,2
BRDA:153,9,0,6
BRDA:153,10,0,14
BRDA:153,10,1,12
BRDA:159,11,0,1
BRDA:159,12,0,8
BRDA:159,12,1,5
BRDA:163,13,0,2
BRDA:163,14,0,7
BRDA:163,14,1,3
BRF:23
BRH:18
end_of_record
TN:
SF:src\modules\products\products.service.ts
FN:19,(anonymous_2)
FN:26,(anonymous_3)
FN:105,(anonymous_4)
FN:107,(anonymous_5)
FN:120,(anonymous_6)
FN:124,(anonymous_7)
FN:134,(anonymous_8)
FN:144,(anonymous_9)
FN:168,(anonymous_10)
FN:196,(anonymous_11)
FN:209,(anonymous_12)
FNF:11
FNH:11
FNDA:22,(anonymous_2)
FNDA:3,(anonymous_3)
FNDA:3,(anonymous_4)
FNDA:3,(anonymous_5)
FNDA:3,(anonymous_6)
FNDA:2,(anonymous_7)
FNDA:2,(anonymous_8)
FNDA:3,(anonymous_9)
FNDA:3,(anonymous_10)
FNDA:2,(anonymous_11)
FNDA:3,(anonymous_12)
DA:1,1
DA:2,1
DA:5,1
DA:6,1
DA:7,1
DA:9,1
DA:12,1
DA:18,1
DA:20,22
DA:21,22
DA:22,22
DA:23,22
DA:32,3
DA:33,3
DA:35,3
DA:36,3
DA:37,1
DA:38,1
DA:41,3
DA:42,1
DA:43,1
DA:44,1
DA:47,1
DA:48,1
DA:50,0
DA:52,0
DA:55,1
DA:56,1
DA:58,1
DA:59,1
DA:61,1
DA:62,1
DA:69,3
DA:70,3
DA:71,1
DA:72,1
DA:76,0
DA:82,3
DA:83,3
DA:84,3
DA:91,3
DA:104,3
DA:105,2
DA:106,3
DA:107,3
DA:109,3
DA:110,3
DA:114,3
DA:121,3
DA:125,2
DA:135,2
DA:145,3
DA:147,3
DA:148,1
DA:151,2
DA:152,1
DA:155,1
DA:169,3
DA:171,3
DA:172,2
DA:173,1
DA:177,2
DA:180,2
DA:182,2
DA:197,2
DA:199,1
DA:203,1
DA:210,3
DA:212,2
DA:216,2
DA:217,2
LF:71
LH:68
BRDA:30,0,0,2
BRDA:32,1,0,3
BRDA:32,1,1,2
BRDA:33,2,0,3
BRDA:33,2,1,2
BRDA:36,3,0,1
BRDA:41,4,0,1
BRDA:42,5,0,1
BRDA:43,6,0,1
BRDA:47,7,0,1
BRDA:47,7,1,0
BRDA:50,8,0,0
BRDA:55,9,0,1
BRDA:58,10,0,1
BRDA:61,11,0,1
BRDA:70,12,0,1
BRDA:71,13,0,1
BRDA:71,13,1,0
BRDA:104,14,0,2
BRDA:107,15,0,3
BRDA:107,15,1,3
BRDA:147,16,0,1
BRDA:151,17,0,1
BRDA:171,18,0,2
BRDA:172,19,0,1
BRDA:180,20,0,2
BRDA:180,20,1,1
BRF:27
BRH:24
end_of_record
TN:
SF:src\modules\stripe\stripe.service.ts
FN:19,(anonymous_3)
FN:31,(anonymous_4)
FN:49,(anonymous_5)
FN:87,(anonymous_6)
FN:105,(anonymous_7)
FNF:5
FNH:5
FNDA:6,(anonymous_3)
FNDA:2,(anonymous_4)
FNDA:3,(anonymous_5)
FNDA:2,(anonymous_6)
FNDA:2,(anonymous_7)
DA:1,2
DA:8,2
DA:9,2
DA:10,2
DA:11,2
DA:12,2
DA:15,2
DA:17,6
DA:20,6
DA:21,6
DA:23,6
DA:32,2
DA:33,2
DA:41,1
DA:42,1
DA:45,1
DA:50,3
DA:51,3
DA:52,3
DA:53,3
DA:59,2
DA:60,2
DA:62,2
DA:64,1
DA:65,1
DA:70,1
DA:72,1
DA:73,1
DA:77,1
DA:79,0
DA:82,1
DA:83,1
DA:91,2
DA:92,2
DA:101,0
DA:106,2
DA:107,2
DA:116,0
LF:38
LH:35
BRDA:62,0,0,1
BRDA:62,0,1,1
BRDA:62,0,2,0
BRF:3
BRH:2
end_of_record
